#
# There is insufficient memory for the Java Runtime Environment to continue.
# Native memory allocation (mmap) failed to map 65536 bytes. Error detail: Failed to commit metaspace.
# Possible reasons:
#   The system is out of physical RAM or swap space
#   This process is running with CompressedOops enabled, and the Java Heap may be blocking the growth of the native heap
# Possible solutions:
#   Reduce memory load on the system
#   Increase physical memory or swap space
#   Check if swap backing store is full
#   Decrease Java heap size (-Xmx/-Xms)
#   Decrease number of Java threads
#   Decrease Java thread stack sizes (-Xss)
#   Set larger code cache with -XX:ReservedCodeCacheSize=
#   JVM is running with Zero Based Compressed Oops mode in which the Java heap is
#     placed in the first 32GB address space. The Java Heap base address is the
#     maximum limit for the native heap growth. Please use -XX:HeapBaseMinAddress
#     to set the Java Heap base and to place the Java Heap above 32GB virtual address.
# This output file may be truncated or incomplete.
#
#  Out of Memory Error (virtualSpaceNode.cpp:112), pid=6696, tid=20740
#
# JRE version: OpenJDK Runtime Environment (22.0.1+8) (build 22.0.1+8-16)
# Java VM: OpenJDK 64-Bit Server VM (22.0.1+8-16, mixed mode, emulated-client, sharing, tiered, compressed oops, compressed class ptrs, g1 gc, windows-amd64)
# No core dump will be written. Minidumps are not enabled by default on client versions of Windows
#

---------------  S U M M A R Y ------------

Command Line: -agentlib:jdwp=transport=dt_socket,address=127.0.0.1:62952,suspend=y,server=n -XX:TieredStopAtLevel=1 -Dspring.output.ansi.enabled=always -Dcom.sun.management.jmxremote -Dspring.jmx.enabled=true -Dspring.liveBeansView.mbeanDomain -Dspring.application.admin.enabled=true -Dmanagement.endpoints.jmx.exposure.include=* -javaagent:C:\Users\hp\AppData\Local\JetBrains\IntelliJIdea2024.1\captureAgent\debugger-agent.jar -Dfile.encoding=UTF-8 -Dsun.stdout.encoding=UTF-8 -Dsun.stderr.encoding=UTF-8 com.example.thuchanh_tuan2.ThuchanhTuan2Application

Host: 11th Gen Intel(R) Core(TM) i7-11800H @ 2.30GHz, 16 cores, 31G,  Windows 11 , 64 bit Build 22621 (10.0.22621.3672)
Time: Sat Jul  6 01:58:37 2024 SE Asia Standard Time elapsed time: 0.367844 seconds (0d 0h 0m 0s)

---------------  T H R E A D  ---------------

Current thread (0x000001bc7fbd27e0):  JavaThread "main"             [_thread_in_vm, id=20740, stack(0x0000004271300000,0x0000004271400000) (1024K)]

Stack: [0x0000004271300000,0x0000004271400000]
Native frames: (J=compiled Java code, j=interpreted, Vv=VM code, C=native code)
V  [jvm.dll+0x6e2279]  (no source info available)
V  [jvm.dll+0x874e33]  (no source info available)
V  [jvm.dll+0x87725e]  (no source info available)
V  [jvm.dll+0x877933]  (no source info available)
V  [jvm.dll+0x27fd76]  (no source info available)
V  [jvm.dll+0x870a7e]  (no source info available)
V  [jvm.dll+0x6852e5]  (no source info available)
V  [jvm.dll+0x68534a]  (no source info available)
V  [jvm.dll+0x687b8a]  (no source info available)
V  [jvm.dll+0x2250ac]  (no source info available)
V  [jvm.dll+0x685cfe]  (no source info available)
V  [jvm.dll+0x269eaf]  (no source info available)
V  [jvm.dll+0x68ff54]  (no source info available)
V  [jvm.dll+0x215301]  (no source info available)
V  [jvm.dll+0x21578a]  (no source info available)
V  [jvm.dll+0x2161b1]  (no source info available)
V  [jvm.dll+0x20b4ee]  (no source info available)
V  [jvm.dll+0x5c462f]  (no source info available)
V  [jvm.dll+0x21cc6a]  (no source info available)
V  [jvm.dll+0x7eb6dc]  (no source info available)
V  [jvm.dll+0x7ec776]  (no source info available)
V  [jvm.dll+0x7ecd84]  (no source info available)
V  [jvm.dll+0x483b7b]  (no source info available)
C  [java.dll+0x1a25]  (no source info available)
C  0x000001bc08290479  (no source info available)

The last pc belongs to native method entry point (kind = native) (printed below).
Java frames: (J=compiled Java code, j=interpreted, Vv=VM code)
j  java.lang.ClassLoader.findBootstrapClass(Ljava/lang/String;)Ljava/lang/Class;+0 java.base@22.0.1
j  java.lang.ClassLoader.findBootstrapClassOrNull(Ljava/lang/String;)Ljava/lang/Class;+10 java.base@22.0.1
j  java.lang.System$2.findBootstrapClassOrNull(Ljava/lang/String;)Ljava/lang/Class;+1 java.base@22.0.1
j  jdk.internal.loader.ClassLoaders$BootClassLoader.loadClassOrNull(Ljava/lang/String;Z)Ljava/lang/Class;+4 java.base@22.0.1
j  jdk.internal.loader.BuiltinClassLoader.loadClassOrNull(Ljava/lang/String;)Ljava/lang/Class;+3 java.base@22.0.1
j  jdk.internal.loader.BuiltinClassLoader.loadClassOrNull(Ljava/lang/String;Z)Ljava/lang/Class;+66 java.base@22.0.1
j  jdk.internal.loader.BuiltinClassLoader.loadClass(Ljava/lang/String;Z)Ljava/lang/Class;+3 java.base@22.0.1
j  jdk.internal.loader.ClassLoaders$AppClassLoader.loadClass(Ljava/lang/String;Z)Ljava/lang/Class;+36 java.base@22.0.1
j  java.lang.ClassLoader.loadClass(Ljava/lang/String;)Ljava/lang/Class;+3 java.base@22.0.1
v  ~StubRoutines::call_stub 0x000001bc0828100d
j  org.slf4j.helpers.SubstituteLoggerFactory.<init>()V+21
j  org.slf4j.helpers.SubstituteServiceProvider.<init>()V+9
j  org.slf4j.LoggerFactory.<clinit>()V+8
v  ~StubRoutines::call_stub 0x000001bc0828100d
j  org.apache.commons.logging.LogAdapter$Slf4jAdapter.createLocationAwareLog(Ljava/lang/String;)Lorg/apache/commons/logging/Log;+1
j  org.apache.commons.logging.LogAdapter$$Lambda+0x000001bc1a0c7bf8.apply(Ljava/lang/Object;)Ljava/lang/Object;+4
j  org.apache.commons.logging.LogAdapter.createLog(Ljava/lang/String;)Lorg/apache/commons/logging/Log;+4
j  org.apache.commons.logging.LogFactory.getLog(Ljava/lang/String;)Lorg/apache/commons/logging/Log;+1
j  org.apache.commons.logging.LogFactory.getLog(Ljava/lang/Class;)Lorg/apache/commons/logging/Log;+4
j  org.springframework.boot.SpringApplication.<clinit>()V+2
v  ~StubRoutines::call_stub 0x000001bc0828100d
j  com.example.thuchanh_tuan2.ThuchanhTuan2Application.main([Ljava/lang/String;)V+3
v  ~StubRoutines::call_stub 0x000001bc0828100d
native method entry point (kind = native)  [0x000001bc0828fd00, 0x000001bc08291000]  4864 bytes
[MachCode]
  0x000001bc0828fd00: 488b 4b08 | 0fb7 492e | 584c 8d74 | ccf8 6800 | 0000 0068 | 0000 0000 | 5055 488b | ec41 5568 
  0x000001bc0828fd20: 0000 0000 | 4c8b 6b08 | 4d8d 6d38 | 5348 8b53 | 0848 8b52 | 0848 8b52 | 1848 8b52 | 7048 8b12 
  0x000001bc0828fd40: 5268 0000 | 0000 488b | 5308 488b | 5208 488b | 5210 5249 | 8bc6 482b | c548 c1e8 | 0350 6800 
  0x000001bc0828fd60: 0000 0068 | f7ff ffff | 41c6 8781 | 0400 0001 | 488b 4318 | 4885 c00f | 8567 0100 | 00e8 0500 
  0x000001bc0828fd80: 0000 e950 | 0100 0048 | 8bd3 488d | 4424 084c | 896d c049 | 8bcf c5f8 | 7749 89af | b003 0000 
  0x000001bc0828fda0: 4989 87a0 | 0300 0048 | 83ec 2040 | f6c4 0f0f | 8419 0000 | 0048 83ec | 0848 b8a0 | a3ea c6ff 
  0x000001bc0828fdc0: 7f00 00ff | d048 83c4 | 08e9 0c00 | 0000 48b8 | a0a3 eac6 | ff7f 0000 | ffd0 4883 | c420 49c7 
  0x000001bc0828fde0: 87a0 0300 | 0000 0000 | 0049 c787 | b003 0000 | 0000 0000 | 49c7 87a8 | 0300 0000 | 0000 00c5 
  0x000001bc0828fe00: f877 418b | 8f34 0500 | 00f6 c101 | 0f84 4200 | 0000 f6c1 | 020f 8539 | 0000 0048 | 83ec 2040 
  0x000001bc0828fe20: f6c4 0f0f | 8419 0000 | 0048 83ec | 0848 b860 | 78ea c6ff | 7f00 00ff | d048 83c4 | 08e9 0c00 
  0x000001bc0828fe40: 0000 48b8 | 6078 eac6 | ff7f 0000 | ffd0 4883 | c420 ffe0 | 498b 8fe0 | 0500 0048 | 85c9 0f84 
  0x000001bc0828fe60: 5500 0000 | 8b89 9c00 | 0000 83f9 | 010f 8546 | 0000 0049 | 8b8f e005 | 0000 8b89 | a000 0000 
  0x000001bc0828fe80: 4883 ec20 | 40f6 c40f | 0f84 1900 | 0000 4883 | ec08 48b8 | 5078 eac6 | ff7f 0000 | ffd0 4883 
  0x000001bc0828fea0: c408 e90c | 0000 0048 | b850 78ea | c6ff 7f00 | 00ff d048 | 83c4 20ff | e049 837f | 0800 0f84 
  0x000001bc0828fec0: 0500 0000 | e937 10ff | ff4c 8b6d | c04c 8b75 | c84e 8d74 | f500 c348 | 8b43 1848 | 85c0 0f84 
  0x000001bc0828fee0: 1200 0000 | 8b48 0883 | c102 8948 | 0823 481c | 0f84 9f0f | 0000 493b | a7f0 0400 | 000f 8748 
  0x000001bc0828ff00: 0000 0089 | 8424 00f0 | ffff 8984 | 2400 e0ff | ff89 8424 | 00d0 ffff | 8984 2400 | c0ff ff89 
  0x000001bc0828ff20: 8424 00b0 | ffff 8984 | 2400 a0ff | ff89 8424 | 0090 ffff | 8984 2400 | 80ff ff49 | 3ba7 e804 
  0x000001bc0828ff40: 0000 7607 | 4989 a7f0 | 0400 0041 | c687 8104 | 0000 0041 | 8b97 e805 | 0000 85d2 | 0f84 5701 
  0x000001bc0828ff60: 0000 e805 | 0000 00e9 | 4d01 0000 | 488d 4424 | 084c 896d | c049 8bcf | c5f8 7749 | 89af b003 
  0x000001bc0828ff80: 0000 4989 | 87a0 0300 | 0048 83ec | 2040 f6c4 | 0f0f 8419 | 0000 0048 | 83ec 0848 | b8b0 c8ea 
  0x000001bc0828ffa0: c6ff 7f00 | 00ff d048 | 83c4 08e9 | 0c00 0000 | 48b8 b0c8 | eac6 ff7f | 0000 ffd0 | 4883 c420 
  0x000001bc0828ffc0: 49c7 87a0 | 0300 0000 | 0000 0049 | c787 b003 | 0000 0000 | 0000 49c7 | 87a8 0300 | 0000 0000 
  0x000001bc0828ffe0: 00c5 f877 | 418b 8f34 | 0500 00f6 | c101 0f84 | 4200 0000 | f6c1 020f | 8539 0000 | 0048 83ec 
  0x000001bc08290000: 2040 f6c4 | 0f0f 8419 | 0000 0048 | 83ec 0848 | b860 78ea | c6ff 7f00 | 00ff d048 | 83c4 08e9 
  0x000001bc08290020: 0c00 0000 | 48b8 6078 | eac6 ff7f | 0000 ffd0 | 4883 c420 | ffe0 498b | 8fe0 0500 | 0048 85c9 
  0x000001bc08290040: 0f84 5500 | 0000 8b89 | 9c00 0000 | 83f9 010f | 8546 0000 | 0049 8b8f | e005 0000 | 8b89 a000 
  0x000001bc08290060: 0000 4883 | ec20 40f6 | c40f 0f84 | 1900 0000 | 4883 ec08 | 48b8 5078 | eac6 ff7f | 0000 ffd0 
  0x000001bc08290080: 4883 c408 | e90c 0000 | 0048 b850 | 78ea c6ff | 7f00 00ff | d048 83c4 | 20ff e049 | 837f 0800 
  0x000001bc082900a0: 0f84 0500 | 0000 e955 | 0eff ff4c | 8b6d c04c | 8b75 c84e | 8d74 f500 | c349 ba9c | 3071 c7ff 
  0x000001bc082900c0: 7f00 0041 | 803a 000f | 843e 0000 | 0048 8b55 | e849 8bcf | 4883 ec20 | 40f6 c40f | 0f84 1900 
  0x000001bc082900e0: 0000 4883 | ec08 48b8 | 40b5 21c7 | ff7f 0000 | ffd0 4883 | c408 e90c | 0000 0048 | b840 b521 
  0x000001bc08290100: c7ff 7f00 | 00ff d048 | 83c4 2048 | 8b5d e84c | 8b5b 0845 | 0fb7 5b2e | 41c1 e303 | 492b e348 
  0x000001bc08290120: 83ec 2048 | 83e4 f04c | 8b5b 604d | 85db 0f85 | 6201 0000 | e805 0000 | 00e9 5001 | 0000 488b 
  0x000001bc08290140: d348 8d44 | 2408 4c89 | 6dc0 498b | cfc5 f877 | 4989 afb0 | 0300 0049 | 8987 a003 | 0000 4883 
  0x000001bc08290160: ec20 40f6 | c40f 0f84 | 1900 0000 | 4883 ec08 | 48b8 c0ca | eac6 ff7f | 0000 ffd0 | 4883 c408 
  0x000001bc08290180: e90c 0000 | 0048 b8c0 | caea c6ff | 7f00 00ff | d048 83c4 | 2049 c787 | a003 0000 | 0000 0000 
  0x000001bc082901a0: 49c7 87b0 | 0300 0000 | 0000 0049 | c787 a803 | 0000 0000 | 0000 c5f8 | 7741 8b8f | 3405 0000 
  0x000001bc082901c0: f6c1 010f | 8442 0000 | 00f6 c102 | 0f85 3900 | 0000 4883 | ec20 40f6 | c40f 0f84 | 1900 0000 
  0x000001bc082901e0: 4883 ec08 | 48b8 6078 | eac6 ff7f | 0000 ffd0 | 4883 c408 | e90c 0000 | 0048 b860 | 78ea c6ff 
  0x000001bc08290200: 7f00 00ff | d048 83c4 | 20ff e049 | 8b8f e005 | 0000 4885 | c90f 8455 | 0000 008b | 899c 0000 
  0x000001bc08290220: 0083 f901 | 0f85 4600 | 0000 498b | 8fe0 0500 | 008b 89a0 | 0000 0048 | 83ec 2040 | f6c4 0f0f 
  0x000001bc08290240: 8419 0000 | 0048 83ec | 0848 b850 | 78ea c6ff | 7f00 00ff | d048 83c4 | 08e9 0c00 | 0000 48b8 
  0x000001bc08290260: 5078 eac6 | ff7f 0000 | ffd0 4883 | c420 ffe0 | 4983 7f08 | 000f 8405 | 0000 00e9 | 800c ffff 
  0x000001bc08290280: 4c8b 6dc0 | 4c8b 75c8 | 4e8d 74f5 | 00c3 488b | 5de8 4c8b | 5b60 41ff | d348 8b5d | e848 8945 
  0x000001bc082902a0: 1844 8b5b | 2841 f6c3 | 080f 841b | 0000 004c | 8b5b 084d | 8b5b 084d | 8b5b 184d | 8b5b 704d 
  0x000001bc082902c0: 8b1b 4c89 | 5d10 488d | 5510 488b | 4358 49ba | 400c 22c7 | ff7f 0000 | 493b c20f | 8562 0100 
  0x000001bc082902e0: 00e8 0500 | 0000 e950 | 0100 0048 | 8bd3 488d | 4424 084c | 896d c049 | 8bcf c5f8 | 7749 89af 
  0x000001bc08290300: b003 0000 | 4989 87a0 | 0300 0048 | 83ec 2040 | f6c4 0f0f | 8419 0000 | 0048 83ec | 0848 b8c0 
  0x000001bc08290320: caea c6ff | 7f00 00ff | d048 83c4 | 08e9 0c00 | 0000 48b8 | c0ca eac6 | ff7f 0000 | ffd0 4883 
  0x000001bc08290340: c420 49c7 | 87a0 0300 | 0000 0000 | 0049 c787 | b003 0000 | 0000 0000 | 49c7 87a8 | 0300 0000 
  0x000001bc08290360: 0000 00c5 | f877 418b | 8f34 0500 | 00f6 c101 | 0f84 4200 | 0000 f6c1 | 020f 8539 | 0000 0048 
  0x000001bc08290380: 83ec 2040 | f6c4 0f0f | 8419 0000 | 0048 83ec | 0848 b860 | 78ea c6ff | 7f00 00ff | d048 83c4 
  0x000001bc082903a0: 08e9 0c00 | 0000 48b8 | 6078 eac6 | ff7f 0000 | ffd0 4883 | c420 ffe0 | 498b 8fe0 | 0500 0048 
  0x000001bc082903c0: 85c9 0f84 | 5500 0000 | 8b89 9c00 | 0000 83f9 | 010f 8546 | 0000 0049 | 8b8f e005 | 0000 8b89 
  0x000001bc082903e0: a000 0000 | 4883 ec20 | 40f6 c40f | 0f84 1900 | 0000 4883 | ec08 48b8 | 5078 eac6 | ff7f 0000 
  0x000001bc08290400: ffd0 4883 | c408 e90c | 0000 0048 | b850 78ea | c6ff 7f00 | 00ff d048 | 83c4 20ff | e049 837f 
  0x000001bc08290420: 0800 0f84 | 0500 0000 | e9d3 0aff | ff4c 8b6d | c04c 8b75 | c84e 8d74 | f500 c348 | 8b5d e848 
  0x000001bc08290440: 8b43 5849 | 8d8f c003 | 0000 c5f8 | 7749 89af | b003 0000 | 49ba 4a04 | 2908 bc01 | 0000 4d89 
  0x000001bc08290460: 97a8 0300 | 0049 89a7 | a003 0000 | 41c7 8754 | 0400 0004 | 0000 00ff | d0c5 f877 | 4883 ec10 
  0x000001bc08290480: c5fb 1104 | 2448 83ec | 1048 8904 | 2448 c744 | 2408 0000 | 0000 41c7 | 8754 0400 | 0005 0000 
  0x000001bc082904a0: 00f0 8344 | 24c0 0049 | 3baf 5804 | 0000 0f87 | 0e00 0000 | 4183 bf50 | 0400 0000 | 0f84 2000 
  0x000001bc082904c0: 0000 498b | cf4c 8be4 | 4883 ec20 | 4883 e4f0 | 48b8 d01e | ecc6 ff7f | 0000 ffd0 | 498b e44d 
  0x000001bc082904e0: 33e4 41c7 | 8754 0400 | 0008 0000 | 0049 c787 | a003 0000 | 0000 0000 | 49c7 87b0 | 0300 0000 
  0x000001bc08290500: 0000 0049 | c787 a803 | 0000 0000 | 0000 c5f8 | 774d 8b9f | 3004 0000 | 41c7 8300 | 0100 0000 
  0x000001bc08290520: 0000 0049 | bbba c428 | 08bc 0100 | 004c 3b5d | 180f 8524 | 0300 0048 | 8b04 2448 | 83c4 1048 
  0x000001bc08290540: 85c0 0f84 | fe02 0000 | a803 0f85 | 0800 0000 | 488b 00e9 | ee02 0000 | a801 0f85 | 0900 0000 
  0x000001bc08290560: 488b 40fe | e9dd 0200 | 0048 8b40 | ff41 807f | 3800 0f84 | ce02 0000 | 4883 f800 | 0f84 c402 
  0x000001bc08290580: 0000 4d8b | 5f28 4983 | fb00 0f84 | 1400 0000 | 4983 eb08 | 4d89 5f28 | 4d03 5f30 | 4989 03e9 
  0x000001bc082905a0: a202 0000 | 4881 ec50 | 0100 0048 | 8904 2448 | 894c 2408 | 4889 5424 | 1048 8974 | 2418 4889 
  0x000001bc082905c0: 7c24 204c | 8944 2428 | 4c89 4c24 | 304c 8954 | 2438 4c89 | 5c24 40c5 | fb11 4424 | 50c5 fb11 
  0x000001bc082905e0: 4c24 58c5 | fb11 5424 | 60c5 fb11 | 5c24 68c5 | fb11 6424 | 70c5 fb11 | 6c24 78c5 | fb11 b424 
  0x000001bc08290600: 8000 0000 | c5fb 11bc | 2488 0000 | 00c5 7b11 | 8424 9000 | 0000 c57b | 118c 2498 | 0000 00c5 
  0x000001bc08290620: 7b11 9424 | a000 0000 | c57b 119c | 24a8 0000 | 00c5 7b11 | a424 b000 | 0000 c57b | 11ac 24b8 
  0x000001bc08290640: 0000 00c5 | 7b11 b424 | c000 0000 | c57b 11bc | 24c8 0000 | 0062 e1ff | 0811 4424 | 1a62 e1ff 
  0x000001bc08290660: 0811 4c24 | 1b62 e1ff | 0811 5424 | 1c62 e1ff | 0811 5c24 | 1d62 e1ff | 0811 6424 | 1e62 e1ff 
  0x000001bc08290680: 0811 6c24 | 1f62 e1ff | 0811 7424 | 2062 e1ff | 0811 7c24 | 2162 61ff | 0811 4424 | 2262 61ff 
  0x000001bc082906a0: 0811 4c24 | 2362 61ff | 0811 5424 | 2462 61ff | 0811 5c24 | 2562 61ff | 0811 6424 | 2662 61ff 
  0x000001bc082906c0: 0811 6c24 | 2762 61ff | 0811 7424 | 2862 61ff | 0811 7c24 | 2949 8bd7 | 488b c848 | 83ec 2040 
  0x000001bc082906e0: f6c4 0f0f | 8419 0000 | 0048 83ec | 0848 b8e0 | 3edf c6ff | 7f00 00ff | d048 83c4 | 08e9 0c00 
  0x000001bc08290700: 0000 48b8 | e03e dfc6 | ff7f 0000 | ffd0 4883 | c420 6261 | ff08 107c | 2429 6261 | ff08 1074 
  0x000001bc08290720: 2428 6261 | ff08 106c | 2427 6261 | ff08 1064 | 2426 6261 | ff08 105c | 2425 6261 | ff08 1054 
  0x000001bc08290740: 2424 6261 | ff08 104c | 2423 6261 | ff08 1044 | 2422 62e1 | ff08 107c | 2421 62e1 | ff08 1074 
  0x000001bc08290760: 2420 62e1 | ff08 106c | 241f 62e1 | ff08 1064 | 241e 62e1 | ff08 105c | 241d 62e1 | ff08 1054 
  0x000001bc08290780: 241c 62e1 | ff08 104c | 241b 62e1 | ff08 1044 | 241a c57b | 10bc 24c8 | 0000 00c5 | 7b10 b424 
  0x000001bc082907a0: c000 0000 | c57b 10ac | 24b8 0000 | 00c5 7b10 | a424 b000 | 0000 c57b | 109c 24a8 | 0000 00c5 
  0x000001bc082907c0: 7b10 9424 | a000 0000 | c57b 108c | 2498 0000 | 00c5 7b10 | 8424 9000 | 0000 c5fb | 10bc 2488 
  0x000001bc082907e0: 0000 00c5 | fb10 b424 | 8000 0000 | c5fb 106c | 2478 c5fb | 1064 2470 | c5fb 105c | 2468 c5fb 
  0x000001bc08290800: 1054 2460 | c5fb 104c | 2458 c5fb | 1044 2450 | 4c8b 5c24 | 404c 8b54 | 2438 4c8b | 4c24 304c 
  0x000001bc08290820: 8b44 2428 | 488b 7c24 | 2048 8b74 | 2418 488b | 5424 1048 | 8b4c 2408 | 488b 0424 | 4881 c450 
  0x000001bc08290840: 0100 00c5 | f877 4889 | 4510 4883 | ec10 4889 | 0424 48c7 | 4424 0800 | 0000 0041 | 83bf d004 
  0x000001bc08290860: 0000 020f | 85bf 0000 | 0048 81ec | 8000 0000 | 4889 4424 | 7848 894c | 2470 4889 | 5424 6848 
  0x000001bc08290880: 895c 2460 | 4889 6c24 | 5048 8974 | 2448 4889 | 7c24 404c | 8944 2438 | 4c89 4c24 | 304c 8954 
  0x000001bc082908a0: 2428 4c89 | 5c24 204c | 8964 2418 | 4c89 6c24 | 104c 8974 | 2408 4c89 | 3c24 4c8b | e448 83ec 
  0x000001bc082908c0: 2048 83e4 | f048 b890 | ed21 c7ff | 7f00 00ff | d049 8be4 | 4c8b 3c24 | 4c8b 7424 | 084c 8b6c 
  0x000001bc082908e0: 2410 4c8b | 6424 184c | 8b5c 2420 | 4c8b 5424 | 284c 8b4c | 2430 4c8b | 4424 3848 | 8b7c 2440 
  0x000001bc08290900: 488b 7424 | 4848 8b6c | 2450 488b | 5c24 6048 | 8b54 2468 | 488b 4c24 | 7048 8b44 | 2478 4881 
  0x000001bc08290920: c480 0000 | 004d 33e4 | 488b 5de8 | 4c8b 6b08 | 4d8d 6d38 | 4983 7f08 | 000f 8472 | 0100 00e8 
  0x000001bc08290940: 0500 0000 | e94d 0100 | 0048 8d44 | 2408 4c89 | 6dc0 498b | cfc5 f877 | 4989 afb0 | 0300 0049 
  0x000001bc08290960: 8987 a003 | 0000 4883 | ec20 40f6 | c40f 0f84 | 1900 0000 | 4883 ec08 | 48b8 00e9 | eac6 ff7f 
  0x000001bc08290980: 0000 ffd0 | 4883 c408 | e90c 0000 | 0048 b800 | e9ea c6ff | 7f00 00ff | d048 83c4 | 2049 c787 
  0x000001bc082909a0: a003 0000 | 0000 0000 | 49c7 87b0 | 0300 0000 | 0000 0049 | c787 a803 | 0000 0000 | 0000 c5f8 
  0x000001bc082909c0: 7741 8b8f | 3405 0000 | f6c1 010f | 8442 0000 | 00f6 c102 | 0f85 3900 | 0000 4883 | ec20 40f6 
  0x000001bc082909e0: c40f 0f84 | 1900 0000 | 4883 ec08 | 48b8 6078 | eac6 ff7f | 0000 ffd0 | 4883 c408 | e90c 0000 
  0x000001bc08290a00: 0048 b860 | 78ea c6ff | 7f00 00ff | d048 83c4 | 20ff e049 | 8b8f e005 | 0000 4885 | c90f 8455 
  0x000001bc08290a20: 0000 008b | 899c 0000 | 0083 f901 | 0f85 4600 | 0000 498b | 8fe0 0500 | 008b 89a0 | 0000 0048 
  0x000001bc08290a40: 83ec 2040 | f6c4 0f0f | 8419 0000 | 0048 83ec | 0848 b850 | 78ea c6ff | 7f00 00ff | d048 83c4 
  0x000001bc08290a60: 08e9 0c00 | 0000 48b8 | 5078 eac6 | ff7f 0000 | ffd0 4883 | c420 ffe0 | 4983 7f08 | 000f 8405 
  0x000001bc08290a80: 0000 00e9 | 7804 ffff | 4c8b 6dc0 | 4c8b 75c8 | 4e8d 74f5 | 00c3 48b9 | d018 49c7 | ff7f 0000 
  0x000001bc08290aa0: 4883 e4f0 | 48b8 c094 | 10c7 ff7f | 0000 ffd0 | f444 8b5b | 2841 f6c3 | 200f 84fb | 0100 0048 
  0x000001bc08290ac0: 8d55 a84c | 8b5a 084d | 85db 0f85 | 7201 0000 | e805 0000 | 00e9 4d01 | 0000 488d | 4424 084c 
  0x000001bc08290ae0: 896d c049 | 8bcf c5f8 | 7749 89af | b003 0000 | 4989 87a0 | 0300 0048 | 83ec 2040 | f6c4 0f0f 
  0x000001bc08290b00: 8419 0000 | 0048 83ec | 0848 b830 | e8ea c6ff | 7f00 00ff | d048 83c4 | 08e9 0c00 | 0000 48b8 
  0x000001bc08290b20: 30e8 eac6 | ff7f 0000 | ffd0 4883 | c420 49c7 | 87a0 0300 | 0000 0000 | 0049 c787 | b003 0000 
  0x000001bc08290b40: 0000 0000 | 49c7 87a8 | 0300 0000 | 0000 00c5 | f877 418b | 8f34 0500 | 00f6 c101 | 0f84 4200 
  0x000001bc08290b60: 0000 f6c1 | 020f 8539 | 0000 0048 | 83ec 2040 | f6c4 0f0f | 8419 0000 | 0048 83ec | 0848 b860 
  0x000001bc08290b80: 78ea c6ff | 7f00 00ff | d048 83c4 | 08e9 0c00 | 0000 48b8 | 6078 eac6 | ff7f 0000 | ffd0 4883 
  0x000001bc08290ba0: c420 ffe0 | 498b 8fe0 | 0500 0048 | 85c9 0f84 | 5500 0000 | 8b89 9c00 | 0000 83f9 | 010f 8546 
  0x000001bc08290bc0: 0000 0049 | 8b8f e005 | 0000 8b89 | a000 0000 | 4883 ec20 | 40f6 c40f | 0f84 1900 | 0000 4883 
  0x000001bc08290be0: ec08 48b8 | 5078 eac6 | ff7f 0000 | ffd0 4883 | c408 e90c | 0000 0048 | b850 78ea | c6ff 7f00 
  0x000001bc08290c00: 00ff d048 | 83c4 20ff | e049 837f | 0800 0f84 | 0500 0000 | e9e7 02ff | ff4c 8b6d | c04c 8b75 
  0x000001bc08290c20: c84e 8d74 | f500 c348 | b9d0 1849 | c7ff 7f00 | 0048 83e4 | f048 b8c0 | 9410 c7ff | 7f00 00ff 
  0x000001bc08290c40: d0f4 4c89 | 6dc0 488d | 024c 8b4a | 0848 c742 | 0800 0000 | 004c 8b00 | 4d85 c00f | 840b 0000 
  0x000001bc08290c60: 00f0 4d0f | b101 0f85 | 0c00 0000 | 49ff 8f58 | 0500 00e9 | 3e00 0000 | 4c89 4a08 | 488b ca48 
  0x000001bc08290c80: 83ec 2040 | f6c4 0f0f | 8419 0000 | 0048 83ec | 0848 b8c0 | baea c6ff | 7f00 00ff | d048 83c4 
  0x000001bc08290ca0: 08e9 0c00 | 0000 48b8 | c0ba eac6 | ff7f 0000 | ffd0 4883 | c420 4c8b | 6dc0 418b | 97e8 0500 
  0x000001bc08290cc0: 0085 d20f | 8457 0100 | 00e8 0500 | 0000 e94d | 0100 0048 | 8d44 2408 | 4c89 6dc0 | 498b cfc5 
  0x000001bc08290ce0: f877 4989 | afb0 0300 | 0049 8987 | a003 0000 | 4883 ec20 | 40f6 c40f | 0f84 1900 | 0000 4883 
  0x000001bc08290d00: ec08 48b8 | f0c9 eac6 | ff7f 0000 | ffd0 4883 | c408 e90c | 0000 0048 | b8f0 c9ea | c6ff 7f00 
  0x000001bc08290d20: 00ff d048 | 83c4 2049 | c787 a003 | 0000 0000 | 0000 49c7 | 87b0 0300 | 0000 0000 | 0049 c787 
  0x000001bc08290d40: a803 0000 | 0000 0000 | c5f8 7741 | 8b8f 3405 | 0000 f6c1 | 010f 8442 | 0000 00f6 | c102 0f85 
  0x000001bc08290d60: 3900 0000 | 4883 ec20 | 40f6 c40f | 0f84 1900 | 0000 4883 | ec08 48b8 | 6078 eac6 | ff7f 0000 
  0x000001bc08290d80: ffd0 4883 | c408 e90c | 0000 0048 | b860 78ea | c6ff 7f00 | 00ff d048 | 83c4 20ff | e049 8b8f 
  0x000001bc08290da0: e005 0000 | 4885 c90f | 8455 0000 | 008b 899c | 0000 0083 | f901 0f85 | 4600 0000 | 498b 8fe0 
  0x000001bc08290dc0: 0500 008b | 89a0 0000 | 0048 83ec | 2040 f6c4 | 0f0f 8419 | 0000 0048 | 83ec 0848 | b850 78ea 
  0x000001bc08290de0: c6ff 7f00 | 00ff d048 | 83c4 08e9 | 0c00 0000 | 48b8 5078 | eac6 ff7f | 0000 ffd0 | 4883 c420 
  0x000001bc08290e00: ffe0 4983 | 7f08 000f | 8405 0000 | 00e9 ee00 | ffff 4c8b | 6dc0 4c8b | 75c8 4e8d | 74f5 00c3 
  0x000001bc08290e20: 49ba 9c30 | 71c7 ff7f | 0000 4180 | 3a00 0f84 | 3e00 0000 | 488b 55e8 | 498b cf48 | 83ec 2040 
  0x000001bc08290e40: f6c4 0f0f | 8419 0000 | 0048 83ec | 0848 b840 | b521 c7ff | 7f00 00ff | d048 83c4 | 08e9 0c00 
  0x000001bc08290e60: 0000 48b8 | 40b5 21c7 | ff7f 0000 | ffd0 4883 | c420 488b | 0424 4883 | c410 c5fb | 1004 2448 
  0x000001bc08290e80: 83c4 104c | 8b5d 1841 | ffd3 4c8b | 5df8 c95f | 498b e3ff | e7ba 0000 | 0000 e805 | 0000 00e9 
  0x000001bc08290ea0: 4d01 0000 | 488d 4424 | 084c 896d | c049 8bcf | c5f8 7749 | 89af b003 | 0000 4989 | 87a0 0300 
  0x000001bc08290ec0: 0048 83ec | 2040 f6c4 | 0f0f 8419 | 0000 0048 | 83ec 0848 | b880 aeea | c6ff 7f00 | 00ff d048 
  0x000001bc08290ee0: 83c4 08e9 | 0c00 0000 | 48b8 80ae | eac6 ff7f | 0000 ffd0 | 4883 c420 | 49c7 87a0 | 0300 0000 
  0x000001bc08290f00: 0000 0049 | c787 b003 | 0000 0000 | 0000 49c7 | 87a8 0300 | 0000 0000 | 00c5 f877 | 418b 8f34 
  0x000001bc08290f20: 0500 00f6 | c101 0f84 | 4200 0000 | f6c1 020f | 8539 0000 | 0048 83ec | 2040 f6c4 | 0f0f 8419 
  0x000001bc08290f40: 0000 0048 | 83ec 0848 | b860 78ea | c6ff 7f00 | 00ff d048 | 83c4 08e9 | 0c00 0000 | 48b8 6078 
  0x000001bc08290f60: eac6 ff7f | 0000 ffd0 | 4883 c420 | ffe0 498b | 8fe0 0500 | 0048 85c9 | 0f84 5500 | 0000 8b89 
  0x000001bc08290f80: 9c00 0000 | 83f9 010f | 8546 0000 | 0049 8b8f | e005 0000 | 8b89 a000 | 0000 4883 | ec20 40f6 
  0x000001bc08290fa0: c40f 0f84 | 1900 0000 | 4883 ec08 | 48b8 5078 | eac6 ff7f | 0000 ffd0 | 4883 c408 | e90c 0000 
  0x000001bc08290fc0: 0048 b850 | 78ea c6ff | 7f00 00ff | d048 83c4 | 20ff e049 | 837f 0800 | 0f84 0500 | 0000 e91d 
  0x000001bc08290fe0: fffe ff4c | 8b6d c04c | 8b75 c84e | 8d74 f500 | c348 8b5d | e8e9 fcee | ffff 660f | 1f44 0000 
[/MachCode]

---------------  P R O C E S S  ---------------

Threads class SMR info:
_java_thread_list=0x000001bc5e585440, length=17, elements={
0x000001bc7fbd27e0, 0x000001bc1858cf20, 0x000001bc1858e0e0, 0x000001bc1858fcb0,
0x000001bc18596900, 0x000001bc1859a660, 0x000001bc185a7e20, 0x000001bc1859d920,
0x000001bc185a9860, 0x000001bc157783d0, 0x000001bc1863ce70, 0x000001bc187255c0,
0x000001bc18729c70, 0x000001bc1872c4e0, 0x000001bc185a9ef0, 0x000001bc5e3db120,
0x000001bc185a8b40
}

Java Threads: ( => current thread )
=>0x000001bc7fbd27e0 JavaThread "main"                              [_thread_in_vm, id=20740, stack(0x0000004271300000,0x0000004271400000) (1024K)]
  0x000001bc1858cf20 JavaThread "Reference Handler"          daemon [_thread_blocked, id=17564, stack(0x0000004271b00000,0x0000004271c00000) (1024K)]
  0x000001bc1858e0e0 JavaThread "Finalizer"                  daemon [_thread_blocked, id=19164, stack(0x0000004271c00000,0x0000004271d00000) (1024K)]
  0x000001bc1858fcb0 JavaThread "Signal Dispatcher"          daemon [_thread_blocked, id=10720, stack(0x0000004271d00000,0x0000004271e00000) (1024K)]
  0x000001bc18596900 JavaThread "Attach Listener"            daemon [_thread_blocked, id=24228, stack(0x0000004271e00000,0x0000004271f00000) (1024K)]
  0x000001bc1859a660 JavaThread "Service Thread"             daemon [_thread_blocked, id=24548, stack(0x0000004271f00000,0x0000004272000000) (1024K)]
  0x000001bc185a7e20 JavaThread "Monitor Deflation Thread"   daemon [_thread_blocked, id=8116, stack(0x0000004272000000,0x0000004272100000) (1024K)]
  0x000001bc1859d920 JavaThread "C1 CompilerThread0"         daemon [_thread_blocked, id=23608, stack(0x0000004272100000,0x0000004272200000) (1024K)]
  0x000001bc185a9860 JavaThread "Common-Cleaner"             daemon [_thread_blocked, id=21944, stack(0x0000004272200000,0x0000004272300000) (1024K)]
  0x000001bc157783d0 JavaThread "C1 CompilerThread1"         daemon [_thread_blocked, id=21880, stack(0x0000004272300000,0x0000004272400000) (1024K)]
  0x000001bc1863ce70 JavaThread "C1 CompilerThread2"         daemon [_thread_blocked, id=6364, stack(0x0000004272400000,0x0000004272500000) (1024K)]
  0x000001bc187255c0 JavaThread "JDWP Transport Listener: dt_socket" daemon [_thread_blocked, id=22860, stack(0x0000004272500000,0x0000004272600000) (1024K)]
  0x000001bc18729c70 JavaThread "JDWP Event Helper Thread"   daemon [_thread_blocked, id=9036, stack(0x0000004272600000,0x0000004272700000) (1024K)]
  0x000001bc1872c4e0 JavaThread "JDWP Command Reader"        daemon [_thread_in_native, id=24544, stack(0x0000004272700000,0x0000004272800000) (1024K)]
  0x000001bc185a9ef0 JavaThread "Notification Thread"        daemon [_thread_blocked, id=1928, stack(0x0000004272800000,0x0000004272900000) (1024K)]
  0x000001bc5e3db120 JavaThread "C1 CompilerThread3"         daemon [_thread_blocked, id=23428, stack(0x0000004272900000,0x0000004272a00000) (1024K)]
  0x000001bc185a8b40 JavaThread "RMI TCP Accept-0"           daemon [_thread_in_native, id=23444, stack(0x0000004272a00000,0x0000004272b00000) (1024K)]
Total: 17

Other Threads:
  0x000001bc1856f090 VMThread "VM Thread"                           [id=4112, stack(0x0000004271a00000,0x0000004271b00000) (1024K)]
  0x000001bc15776fd0 WatcherThread "VM Periodic Task Thread"        [id=11236, stack(0x0000004271900000,0x0000004271a00000) (1024K)]
  0x000001bc155bf990 WorkerThread "GC Thread#0"                     [id=23904, stack(0x0000004271400000,0x0000004271500000) (1024K)]
  0x000001bc5e5b14b0 WorkerThread "GC Thread#1"                     [id=5712, stack(0x0000004272b00000,0x0000004272c00000) (1024K)]
  0x000001bc5e5b1c70 WorkerThread "GC Thread#2"                     [id=1380, stack(0x0000004272c00000,0x0000004272d00000) (1024K)]
  0x000001bc5e5b2840 WorkerThread "GC Thread#3"                     [id=21840, stack(0x0000004272d00000,0x0000004272e00000) (1024K)]
  0x000001bc5e5b3410 WorkerThread "GC Thread#4"                     [id=23604, stack(0x0000004272e00000,0x0000004272f00000) (1024K)]
  0x000001bc5e5b3bd0 WorkerThread "GC Thread#5"                     [id=4616, stack(0x0000004272f00000,0x0000004273000000) (1024K)]
  0x000001bc5e5b6db0 WorkerThread "GC Thread#6"                     [id=8296, stack(0x0000004273000000,0x0000004273100000) (1024K)]
  0x000001bc5e5b7370 WorkerThread "GC Thread#7"                     [id=20716, stack(0x0000004273100000,0x0000004273200000) (1024K)]
  0x000001bc5e5b7b20 WorkerThread "GC Thread#8"                     [id=23964, stack(0x0000004273200000,0x0000004273300000) (1024K)]
  0x000001bc5e5b82e0 WorkerThread "GC Thread#9"                     [id=17604, stack(0x0000004273300000,0x0000004273400000) (1024K)]
  0x000001bc5e5b8cb0 WorkerThread "GC Thread#10"                    [id=23008, stack(0x0000004273400000,0x0000004273500000) (1024K)]
  0x000001bc5e5b9470 WorkerThread "GC Thread#11"                    [id=16592, stack(0x0000004273500000,0x0000004273600000) (1024K)]
  0x000001bc5e5d6e20 WorkerThread "GC Thread#12"                    [id=19292, stack(0x0000004273600000,0x0000004273700000) (1024K)]
  0x000001bc155c0b00 ConcurrentGCThread "G1 Main Marker"            [id=23804, stack(0x0000004271500000,0x0000004271600000) (1024K)]
  0x000001bc7fc4c760 WorkerThread "G1 Conc#0"                       [id=4000, stack(0x0000004271600000,0x0000004271700000) (1024K)]
  0x000001bc1563b610 ConcurrentGCThread "G1 Refine#0"               [id=24532, stack(0x0000004271700000,0x0000004271800000) (1024K)]
  0x000001bc1563bfa0 ConcurrentGCThread "G1 Service"                [id=10664, stack(0x0000004271800000,0x0000004271900000) (1024K)]
Total: 19

Threads with active compile tasks:
Total: 0

VM state: not at safepoint (normal execution)

VM Mutex/Monitor currently owned by a thread:  ([mutex/lock_event])
[0x00007fffc7739b38] Metaspace_lock - owner thread: 0x000001bc7fbd27e0

Heap address: 0x0000000603800000, size: 8136 MB, Compressed Oops mode: Zero based, Oop shift amount: 3

CDS archive(s) mapped at: [0x000001bc19000000-0x000001bc19c50000-0x000001bc19c50000), size 12910592, SharedBaseAddress: 0x000001bc19000000, ArchiveRelocationMode: 1.
Compressed class space mapped at: 0x000001bc1a000000-0x000001bc5a000000, reserved size: 1073741824
Narrow klass base: 0x000001bc19000000, Narrow klass shift: 0, Narrow klass range: 0x41000000

GC Precious Log:
 CardTable entry size: 512
 Card Set container configuration: InlinePtr #cards 4 size 8 Array Of Cards #cards 32 size 80 Howl #buckets 8 coarsen threshold 7372 Howl Bitmap #cards 1024 size 144 coarsen threshold 921 Card regions per heap region 1 cards per card region 8192
 CPUs: 16 total, 16 available
 Memory: 32531M
 Large Page Support: Disabled
 NUMA Support: Disabled
 Compressed Oops: Enabled (Zero based)
 Heap Region Size: 4M
 Heap Min Capacity: 8M
 Heap Initial Capacity: 512M
 Heap Max Capacity: 8136M
 Pre-touch: Disabled
 Parallel Workers: 13
 Concurrent Workers: 3
 Concurrent Refinement Workers: 13
 Periodic GC: Disabled

Heap:
 garbage-first heap   total reserved 8331264K, committed 524288K, used 7441K [0x0000000603800000, 0x0000000800000000)
  region size 4096K, 2 young (8192K), 1 survivors (4096K)
 Metaspace       used 5191K, committed 5376K, reserved 1114112K
  class space    used 603K, committed 704K, reserved 1048576K

Heap Regions: E=young(eden), S=young(survivor), O=old, HS=humongous(starts), HC=humongous(continues), CS=collection set, F=free, TAMS=top-at-mark-start, PB=parsable bottom
|   0|0x0000000603800000, 0x0000000603b44518, 0x0000000603c00000| 81%| O|  |TAMS 0x0000000603800000| PB 0x0000000603800000| Untracked |  0
|   1|0x0000000603c00000, 0x0000000603c00000, 0x0000000604000000|  0%| F|  |TAMS 0x0000000603c00000| PB 0x0000000603c00000| Untracked |  0
|   2|0x0000000604000000, 0x0000000604000000, 0x0000000604400000|  0%| F|  |TAMS 0x0000000604000000| PB 0x0000000604000000| Untracked |  0
|   3|0x0000000604400000, 0x0000000604400000, 0x0000000604800000|  0%| F|  |TAMS 0x0000000604400000| PB 0x0000000604400000| Untracked |  0
|   4|0x0000000604800000, 0x0000000604800000, 0x0000000604c00000|  0%| F|  |TAMS 0x0000000604800000| PB 0x0000000604800000| Untracked |  0
|   5|0x0000000604c00000, 0x0000000604c00000, 0x0000000605000000|  0%| F|  |TAMS 0x0000000604c00000| PB 0x0000000604c00000| Untracked |  0
|   6|0x0000000605000000, 0x0000000605000000, 0x0000000605400000|  0%| F|  |TAMS 0x0000000605000000| PB 0x0000000605000000| Untracked |  0
|   7|0x0000000605400000, 0x0000000605400000, 0x0000000605800000|  0%| F|  |TAMS 0x0000000605400000| PB 0x0000000605400000| Untracked |  0
|   8|0x0000000605800000, 0x0000000605800000, 0x0000000605c00000|  0%| F|  |TAMS 0x0000000605800000| PB 0x0000000605800000| Untracked |  0
|   9|0x0000000605c00000, 0x0000000605c00000, 0x0000000606000000|  0%| F|  |TAMS 0x0000000605c00000| PB 0x0000000605c00000| Untracked |  0
|  10|0x0000000606000000, 0x0000000606000000, 0x0000000606400000|  0%| F|  |TAMS 0x0000000606000000| PB 0x0000000606000000| Untracked |  0
|  11|0x0000000606400000, 0x0000000606400000, 0x0000000606800000|  0%| F|  |TAMS 0x0000000606400000| PB 0x0000000606400000| Untracked |  0
|  12|0x0000000606800000, 0x0000000606800000, 0x0000000606c00000|  0%| F|  |TAMS 0x0000000606800000| PB 0x0000000606800000| Untracked |  0
|  13|0x0000000606c00000, 0x0000000606c00000, 0x0000000607000000|  0%| F|  |TAMS 0x0000000606c00000| PB 0x0000000606c00000| Untracked |  0
|  14|0x0000000607000000, 0x0000000607000000, 0x0000000607400000|  0%| F|  |TAMS 0x0000000607000000| PB 0x0000000607000000| Untracked |  0
|  15|0x0000000607400000, 0x0000000607400000, 0x0000000607800000|  0%| F|  |TAMS 0x0000000607400000| PB 0x0000000607400000| Untracked |  0
|  16|0x0000000607800000, 0x0000000607800000, 0x0000000607c00000|  0%| F|  |TAMS 0x0000000607800000| PB 0x0000000607800000| Untracked |  0
|  17|0x0000000607c00000, 0x0000000607c00000, 0x0000000608000000|  0%| F|  |TAMS 0x0000000607c00000| PB 0x0000000607c00000| Untracked |  0
|  18|0x0000000608000000, 0x0000000608000000, 0x0000000608400000|  0%| F|  |TAMS 0x0000000608000000| PB 0x0000000608000000| Untracked |  0
|  19|0x0000000608400000, 0x0000000608400000, 0x0000000608800000|  0%| F|  |TAMS 0x0000000608400000| PB 0x0000000608400000| Untracked |  0
|  20|0x0000000608800000, 0x0000000608800000, 0x0000000608c00000|  0%| F|  |TAMS 0x0000000608800000| PB 0x0000000608800000| Untracked |  0
|  21|0x0000000608c00000, 0x0000000608c00000, 0x0000000609000000|  0%| F|  |TAMS 0x0000000608c00000| PB 0x0000000608c00000| Untracked |  0
|  22|0x0000000609000000, 0x0000000609000000, 0x0000000609400000|  0%| F|  |TAMS 0x0000000609000000| PB 0x0000000609000000| Untracked |  0
|  23|0x0000000609400000, 0x0000000609400000, 0x0000000609800000|  0%| F|  |TAMS 0x0000000609400000| PB 0x0000000609400000| Untracked |  0
|  24|0x0000000609800000, 0x0000000609800000, 0x0000000609c00000|  0%| F|  |TAMS 0x0000000609800000| PB 0x0000000609800000| Untracked |  0
|  25|0x0000000609c00000, 0x0000000609c00000, 0x000000060a000000|  0%| F|  |TAMS 0x0000000609c00000| PB 0x0000000609c00000| Untracked |  0
|  26|0x000000060a000000, 0x000000060a000000, 0x000000060a400000|  0%| F|  |TAMS 0x000000060a000000| PB 0x000000060a000000| Untracked |  0
|  27|0x000000060a400000, 0x000000060a400000, 0x000000060a800000|  0%| F|  |TAMS 0x000000060a400000| PB 0x000000060a400000| Untracked |  0
|  28|0x000000060a800000, 0x000000060a800000, 0x000000060ac00000|  0%| F|  |TAMS 0x000000060a800000| PB 0x000000060a800000| Untracked |  0
|  29|0x000000060ac00000, 0x000000060ac00000, 0x000000060b000000|  0%| F|  |TAMS 0x000000060ac00000| PB 0x000000060ac00000| Untracked |  0
|  30|0x000000060b000000, 0x000000060b000000, 0x000000060b400000|  0%| F|  |TAMS 0x000000060b000000| PB 0x000000060b000000| Untracked |  0
|  31|0x000000060b400000, 0x000000060b400000, 0x000000060b800000|  0%| F|  |TAMS 0x000000060b400000| PB 0x000000060b400000| Untracked |  0
|  32|0x000000060b800000, 0x000000060b800000, 0x000000060bc00000|  0%| F|  |TAMS 0x000000060b800000| PB 0x000000060b800000| Untracked |  0
|  33|0x000000060bc00000, 0x000000060bc00000, 0x000000060c000000|  0%| F|  |TAMS 0x000000060bc00000| PB 0x000000060bc00000| Untracked |  0
|  34|0x000000060c000000, 0x000000060c000000, 0x000000060c400000|  0%| F|  |TAMS 0x000000060c000000| PB 0x000000060c000000| Untracked |  0
|  35|0x000000060c400000, 0x000000060c400000, 0x000000060c800000|  0%| F|  |TAMS 0x000000060c400000| PB 0x000000060c400000| Untracked |  0
|  36|0x000000060c800000, 0x000000060c800000, 0x000000060cc00000|  0%| F|  |TAMS 0x000000060c800000| PB 0x000000060c800000| Untracked |  0
|  37|0x000000060cc00000, 0x000000060cc00000, 0x000000060d000000|  0%| F|  |TAMS 0x000000060cc00000| PB 0x000000060cc00000| Untracked |  0
|  38|0x000000060d000000, 0x000000060d000000, 0x000000060d400000|  0%| F|  |TAMS 0x000000060d000000| PB 0x000000060d000000| Untracked |  0
|  39|0x000000060d400000, 0x000000060d400000, 0x000000060d800000|  0%| F|  |TAMS 0x000000060d400000| PB 0x000000060d400000| Untracked |  0
|  40|0x000000060d800000, 0x000000060d800000, 0x000000060dc00000|  0%| F|  |TAMS 0x000000060d800000| PB 0x000000060d800000| Untracked |  0
|  41|0x000000060dc00000, 0x000000060dc00000, 0x000000060e000000|  0%| F|  |TAMS 0x000000060dc00000| PB 0x000000060dc00000| Untracked |  0
|  42|0x000000060e000000, 0x000000060e000000, 0x000000060e400000|  0%| F|  |TAMS 0x000000060e000000| PB 0x000000060e000000| Untracked |  0
|  43|0x000000060e400000, 0x000000060e400000, 0x000000060e800000|  0%| F|  |TAMS 0x000000060e400000| PB 0x000000060e400000| Untracked |  0
|  44|0x000000060e800000, 0x000000060e800000, 0x000000060ec00000|  0%| F|  |TAMS 0x000000060e800000| PB 0x000000060e800000| Untracked |  0
|  45|0x000000060ec00000, 0x000000060ec00000, 0x000000060f000000|  0%| F|  |TAMS 0x000000060ec00000| PB 0x000000060ec00000| Untracked |  0
|  46|0x000000060f000000, 0x000000060f000000, 0x000000060f400000|  0%| F|  |TAMS 0x000000060f000000| PB 0x000000060f000000| Untracked |  0
|  47|0x000000060f400000, 0x000000060f400000, 0x000000060f800000|  0%| F|  |TAMS 0x000000060f400000| PB 0x000000060f400000| Untracked |  0
|  48|0x000000060f800000, 0x000000060f800000, 0x000000060fc00000|  0%| F|  |TAMS 0x000000060f800000| PB 0x000000060f800000| Untracked |  0
|  49|0x000000060fc00000, 0x000000060fc00000, 0x0000000610000000|  0%| F|  |TAMS 0x000000060fc00000| PB 0x000000060fc00000| Untracked |  0
|  50|0x0000000610000000, 0x0000000610000000, 0x0000000610400000|  0%| F|  |TAMS 0x0000000610000000| PB 0x0000000610000000| Untracked |  0
|  51|0x0000000610400000, 0x0000000610400000, 0x0000000610800000|  0%| F|  |TAMS 0x0000000610400000| PB 0x0000000610400000| Untracked |  0
|  52|0x0000000610800000, 0x0000000610800000, 0x0000000610c00000|  0%| F|  |TAMS 0x0000000610800000| PB 0x0000000610800000| Untracked |  0
|  53|0x0000000610c00000, 0x0000000610c00000, 0x0000000611000000|  0%| F|  |TAMS 0x0000000610c00000| PB 0x0000000610c00000| Untracked |  0
|  54|0x0000000611000000, 0x0000000611000000, 0x0000000611400000|  0%| F|  |TAMS 0x0000000611000000| PB 0x0000000611000000| Untracked |  0
|  55|0x0000000611400000, 0x0000000611400000, 0x0000000611800000|  0%| F|  |TAMS 0x0000000611400000| PB 0x0000000611400000| Untracked |  0
|  56|0x0000000611800000, 0x0000000611800000, 0x0000000611c00000|  0%| F|  |TAMS 0x0000000611800000| PB 0x0000000611800000| Untracked |  0
|  57|0x0000000611c00000, 0x0000000611c00000, 0x0000000612000000|  0%| F|  |TAMS 0x0000000611c00000| PB 0x0000000611c00000| Untracked |  0
|  58|0x0000000612000000, 0x0000000612000000, 0x0000000612400000|  0%| F|  |TAMS 0x0000000612000000| PB 0x0000000612000000| Untracked |  0
|  59|0x0000000612400000, 0x0000000612400000, 0x0000000612800000|  0%| F|  |TAMS 0x0000000612400000| PB 0x0000000612400000| Untracked |  0
|  60|0x0000000612800000, 0x0000000612800000, 0x0000000612c00000|  0%| F|  |TAMS 0x0000000612800000| PB 0x0000000612800000| Untracked |  0
|  61|0x0000000612c00000, 0x0000000612c00000, 0x0000000613000000|  0%| F|  |TAMS 0x0000000612c00000| PB 0x0000000612c00000| Untracked |  0
|  62|0x0000000613000000, 0x0000000613000000, 0x0000000613400000|  0%| F|  |TAMS 0x0000000613000000| PB 0x0000000613000000| Untracked |  0
|  63|0x0000000613400000, 0x0000000613400000, 0x0000000613800000|  0%| F|  |TAMS 0x0000000613400000| PB 0x0000000613400000| Untracked |  0
|  64|0x0000000613800000, 0x0000000613800000, 0x0000000613c00000|  0%| F|  |TAMS 0x0000000613800000| PB 0x0000000613800000| Untracked |  0
|  65|0x0000000613c00000, 0x0000000613c00000, 0x0000000614000000|  0%| F|  |TAMS 0x0000000613c00000| PB 0x0000000613c00000| Untracked |  0
|  66|0x0000000614000000, 0x0000000614000000, 0x0000000614400000|  0%| F|  |TAMS 0x0000000614000000| PB 0x0000000614000000| Untracked |  0
|  67|0x0000000614400000, 0x0000000614400000, 0x0000000614800000|  0%| F|  |TAMS 0x0000000614400000| PB 0x0000000614400000| Untracked |  0
|  68|0x0000000614800000, 0x0000000614800000, 0x0000000614c00000|  0%| F|  |TAMS 0x0000000614800000| PB 0x0000000614800000| Untracked |  0
|  69|0x0000000614c00000, 0x0000000614c00000, 0x0000000615000000|  0%| F|  |TAMS 0x0000000614c00000| PB 0x0000000614c00000| Untracked |  0
|  70|0x0000000615000000, 0x0000000615000000, 0x0000000615400000|  0%| F|  |TAMS 0x0000000615000000| PB 0x0000000615000000| Untracked |  0
|  71|0x0000000615400000, 0x0000000615400000, 0x0000000615800000|  0%| F|  |TAMS 0x0000000615400000| PB 0x0000000615400000| Untracked |  0
|  72|0x0000000615800000, 0x0000000615800000, 0x0000000615c00000|  0%| F|  |TAMS 0x0000000615800000| PB 0x0000000615800000| Untracked |  0
|  73|0x0000000615c00000, 0x0000000615c00000, 0x0000000616000000|  0%| F|  |TAMS 0x0000000615c00000| PB 0x0000000615c00000| Untracked |  0
|  74|0x0000000616000000, 0x0000000616000000, 0x0000000616400000|  0%| F|  |TAMS 0x0000000616000000| PB 0x0000000616000000| Untracked |  0
|  75|0x0000000616400000, 0x0000000616400000, 0x0000000616800000|  0%| F|  |TAMS 0x0000000616400000| PB 0x0000000616400000| Untracked |  0
|  76|0x0000000616800000, 0x0000000616800000, 0x0000000616c00000|  0%| F|  |TAMS 0x0000000616800000| PB 0x0000000616800000| Untracked |  0
|  77|0x0000000616c00000, 0x0000000616c00000, 0x0000000617000000|  0%| F|  |TAMS 0x0000000616c00000| PB 0x0000000616c00000| Untracked |  0
|  78|0x0000000617000000, 0x0000000617000000, 0x0000000617400000|  0%| F|  |TAMS 0x0000000617000000| PB 0x0000000617000000| Untracked |  0
|  79|0x0000000617400000, 0x0000000617400000, 0x0000000617800000|  0%| F|  |TAMS 0x0000000617400000| PB 0x0000000617400000| Untracked |  0
|  80|0x0000000617800000, 0x0000000617800000, 0x0000000617c00000|  0%| F|  |TAMS 0x0000000617800000| PB 0x0000000617800000| Untracked |  0
|  81|0x0000000617c00000, 0x0000000617c00000, 0x0000000618000000|  0%| F|  |TAMS 0x0000000617c00000| PB 0x0000000617c00000| Untracked |  0
|  82|0x0000000618000000, 0x0000000618000000, 0x0000000618400000|  0%| F|  |TAMS 0x0000000618000000| PB 0x0000000618000000| Untracked |  0
|  83|0x0000000618400000, 0x0000000618400000, 0x0000000618800000|  0%| F|  |TAMS 0x0000000618400000| PB 0x0000000618400000| Untracked |  0
|  84|0x0000000618800000, 0x0000000618800000, 0x0000000618c00000|  0%| F|  |TAMS 0x0000000618800000| PB 0x0000000618800000| Untracked |  0
|  85|0x0000000618c00000, 0x0000000618c00000, 0x0000000619000000|  0%| F|  |TAMS 0x0000000618c00000| PB 0x0000000618c00000| Untracked |  0
|  86|0x0000000619000000, 0x0000000619000000, 0x0000000619400000|  0%| F|  |TAMS 0x0000000619000000| PB 0x0000000619000000| Untracked |  0
|  87|0x0000000619400000, 0x0000000619400000, 0x0000000619800000|  0%| F|  |TAMS 0x0000000619400000| PB 0x0000000619400000| Untracked |  0
|  88|0x0000000619800000, 0x0000000619800000, 0x0000000619c00000|  0%| F|  |TAMS 0x0000000619800000| PB 0x0000000619800000| Untracked |  0
|  89|0x0000000619c00000, 0x0000000619c00000, 0x000000061a000000|  0%| F|  |TAMS 0x0000000619c00000| PB 0x0000000619c00000| Untracked |  0
|  90|0x000000061a000000, 0x000000061a000000, 0x000000061a400000|  0%| F|  |TAMS 0x000000061a000000| PB 0x000000061a000000| Untracked |  0
|  91|0x000000061a400000, 0x000000061a400000, 0x000000061a800000|  0%| F|  |TAMS 0x000000061a400000| PB 0x000000061a400000| Untracked |  0
|  92|0x000000061a800000, 0x000000061a800000, 0x000000061ac00000|  0%| F|  |TAMS 0x000000061a800000| PB 0x000000061a800000| Untracked |  0
|  93|0x000000061ac00000, 0x000000061ac00000, 0x000000061b000000|  0%| F|  |TAMS 0x000000061ac00000| PB 0x000000061ac00000| Untracked |  0
|  94|0x000000061b000000, 0x000000061b000000, 0x000000061b400000|  0%| F|  |TAMS 0x000000061b000000| PB 0x000000061b000000| Untracked |  0
|  95|0x000000061b400000, 0x000000061b400000, 0x000000061b800000|  0%| F|  |TAMS 0x000000061b400000| PB 0x000000061b400000| Untracked |  0
|  96|0x000000061b800000, 0x000000061b800000, 0x000000061bc00000|  0%| F|  |TAMS 0x000000061b800000| PB 0x000000061b800000| Untracked |  0
|  97|0x000000061bc00000, 0x000000061bc00000, 0x000000061c000000|  0%| F|  |TAMS 0x000000061bc00000| PB 0x000000061bc00000| Untracked |  0
|  98|0x000000061c000000, 0x000000061c000000, 0x000000061c400000|  0%| F|  |TAMS 0x000000061c000000| PB 0x000000061c000000| Untracked |  0
|  99|0x000000061c400000, 0x000000061c400000, 0x000000061c800000|  0%| F|  |TAMS 0x000000061c400000| PB 0x000000061c400000| Untracked |  0
| 100|0x000000061c800000, 0x000000061c800000, 0x000000061cc00000|  0%| F|  |TAMS 0x000000061c800000| PB 0x000000061c800000| Untracked |  0
| 101|0x000000061cc00000, 0x000000061cc00000, 0x000000061d000000|  0%| F|  |TAMS 0x000000061cc00000| PB 0x000000061cc00000| Untracked |  0
| 102|0x000000061d000000, 0x000000061d000000, 0x000000061d400000|  0%| F|  |TAMS 0x000000061d000000| PB 0x000000061d000000| Untracked |  0
| 103|0x000000061d400000, 0x000000061d400000, 0x000000061d800000|  0%| F|  |TAMS 0x000000061d400000| PB 0x000000061d400000| Untracked |  0
| 104|0x000000061d800000, 0x000000061d800000, 0x000000061dc00000|  0%| F|  |TAMS 0x000000061d800000| PB 0x000000061d800000| Untracked |  0
| 105|0x000000061dc00000, 0x000000061dc00000, 0x000000061e000000|  0%| F|  |TAMS 0x000000061dc00000| PB 0x000000061dc00000| Untracked |  0
| 106|0x000000061e000000, 0x000000061e000000, 0x000000061e400000|  0%| F|  |TAMS 0x000000061e000000| PB 0x000000061e000000| Untracked |  0
| 107|0x000000061e400000, 0x000000061e400000, 0x000000061e800000|  0%| F|  |TAMS 0x000000061e400000| PB 0x000000061e400000| Untracked |  0
| 108|0x000000061e800000, 0x000000061e800000, 0x000000061ec00000|  0%| F|  |TAMS 0x000000061e800000| PB 0x000000061e800000| Untracked |  0
| 109|0x000000061ec00000, 0x000000061ec00000, 0x000000061f000000|  0%| F|  |TAMS 0x000000061ec00000| PB 0x000000061ec00000| Untracked |  0
| 110|0x000000061f000000, 0x000000061f000000, 0x000000061f400000|  0%| F|  |TAMS 0x000000061f000000| PB 0x000000061f000000| Untracked |  0
| 111|0x000000061f400000, 0x000000061f400000, 0x000000061f800000|  0%| F|  |TAMS 0x000000061f400000| PB 0x000000061f400000| Untracked |  0
| 112|0x000000061f800000, 0x000000061f800000, 0x000000061fc00000|  0%| F|  |TAMS 0x000000061f800000| PB 0x000000061f800000| Untracked |  0
| 113|0x000000061fc00000, 0x000000061fc00000, 0x0000000620000000|  0%| F|  |TAMS 0x000000061fc00000| PB 0x000000061fc00000| Untracked |  0
| 114|0x0000000620000000, 0x0000000620000000, 0x0000000620400000|  0%| F|  |TAMS 0x0000000620000000| PB 0x0000000620000000| Untracked |  0
| 115|0x0000000620400000, 0x0000000620400000, 0x0000000620800000|  0%| F|  |TAMS 0x0000000620400000| PB 0x0000000620400000| Untracked |  0
| 116|0x0000000620800000, 0x0000000620800000, 0x0000000620c00000|  0%| F|  |TAMS 0x0000000620800000| PB 0x0000000620800000| Untracked |  0
| 117|0x0000000620c00000, 0x0000000620c00000, 0x0000000621000000|  0%| F|  |TAMS 0x0000000620c00000| PB 0x0000000620c00000| Untracked |  0
| 118|0x0000000621000000, 0x0000000621000000, 0x0000000621400000|  0%| F|  |TAMS 0x0000000621000000| PB 0x0000000621000000| Untracked |  0
| 119|0x0000000621400000, 0x0000000621400000, 0x0000000621800000|  0%| F|  |TAMS 0x0000000621400000| PB 0x0000000621400000| Untracked |  0
| 120|0x0000000621800000, 0x0000000621800000, 0x0000000621c00000|  0%| F|  |TAMS 0x0000000621800000| PB 0x0000000621800000| Untracked |  0
| 121|0x0000000621c00000, 0x0000000622000000, 0x0000000622000000|100%| S|CS|TAMS 0x0000000621c00000| PB 0x0000000621c00000| Complete |  0
| 122|0x0000000622000000, 0x0000000622000000, 0x0000000622400000|  0%| F|  |TAMS 0x0000000622000000| PB 0x0000000622000000| Untracked |  0
| 123|0x0000000622400000, 0x0000000622400000, 0x0000000622800000|  0%| F|  |TAMS 0x0000000622400000| PB 0x0000000622400000| Untracked |  0
| 124|0x0000000622800000, 0x0000000622800000, 0x0000000622c00000|  0%| F|  |TAMS 0x0000000622800000| PB 0x0000000622800000| Untracked |  0
| 125|0x0000000622c00000, 0x0000000622c00000, 0x0000000623000000|  0%| F|  |TAMS 0x0000000622c00000| PB 0x0000000622c00000| Untracked |  0
| 126|0x0000000623000000, 0x0000000623000000, 0x0000000623400000|  0%| F|  |TAMS 0x0000000623000000| PB 0x0000000623000000| Untracked |  0
| 127|0x0000000623400000, 0x000000062363c218, 0x0000000623800000| 55%| E|  |TAMS 0x0000000623400000| PB 0x0000000623400000| Complete |  0

Card table byte_map: [0x000001bc0c5a0000,0x000001bc0d590000] _byte_map_base: 0x000001bc09584000

Marking Bits: (CMBitMap*) 0x000001bc155c00a0
 Bits: [0x000001bc0d590000, 0x000001bc154b0000)

Polling page: 0x000001bc7f380000

Metaspace:

Usage:
  Non-class:      4.48 MB used.
      Class:    603.86 KB used.
       Both:      5.07 MB used.

Virtual space:
  Non-class space:       64.00 MB reserved,       4.56 MB (  7%) committed,  1 nodes.
      Class space:        1.00 GB reserved,     704.00 KB ( <1%) committed,  1 nodes.
             Both:        1.06 GB reserved,       5.25 MB ( <1%) committed. 

Chunk freelists:
   Non-Class:  10.53 MB
       Class:  15.20 MB
        Both:  25.73 MB

MaxMetaspaceSize: unlimited
CompressedClassSpaceSize: 1.00 GB
Initial GC threshold: 21.00 MB
Current GC threshold: 21.00 MB
CDS: on
 - commit_granule_bytes: 65536.
 - commit_granule_words: 8192.
 - virtual_space_node_default_size: 8388608.
 - enlarge_chunks_in_place: 1.
 - use_allocation_guard: 0.


Internal statistics:

num_allocs_failed_limit: 0.
num_arena_births: 116.
num_arena_deaths: 0.
num_vsnodes_births: 2.
num_vsnodes_deaths: 0.
num_space_committed: 84.
num_space_uncommitted: 0.
num_chunks_returned_to_freelist: 0.
num_chunks_taken_from_freelist: 142.
num_chunk_merges: 0.
num_chunk_splits: 101.
num_chunks_enlarged: 66.
num_inconsistent_stats: 0.

CodeCache: size=49152Kb used=4807Kb max_used=4807Kb free=44344Kb
 bounds [0x000001bc08280000, 0x000001bc08740000, 0x000001bc0b280000]
 total_blobs=1626 nmethods=1164 adapters=384
 compilation: enabled
              stopped_count=0, restarted_count=0
 full_count=0

Compilation events (20 events):
Event: 0.358 Thread 0x000001bc1859d920 nmethod 1154 0x000001bc0872d110 code [0x000001bc0872d2a0, 0x000001bc0872d368]
Event: 0.358 Thread 0x000001bc157783d0 1155       1       java.security.ProtectionDomain::getCodeSource (5 bytes)
Event: 0.358 Thread 0x000001bc157783d0 nmethod 1155 0x000001bc0872d410 code [0x000001bc0872d5a0, 0x000001bc0872d670]
Event: 0.358 Thread 0x000001bc1863ce70 nmethod 1147 0x000001bc0872d710 code [0x000001bc0872da00, 0x000001bc0872e368]
Event: 0.362 Thread 0x000001bc1863ce70 1156       1       java.io.FileSystem::hasBooleanAttributes (17 bytes)
Event: 0.362 Thread 0x000001bc5e3db120 1157   !   1       java.io.WinNTFileSystem::getBooleanAttributes (27 bytes)
Event: 0.362 Thread 0x000001bc5e3db120 nmethod 1157 0x000001bc0872ef10 code [0x000001bc0872f0e0, 0x000001bc0872f270]
Event: 0.362 Thread 0x000001bc1863ce70 nmethod 1156 0x000001bc0872f390 code [0x000001bc0872f560, 0x000001bc0872f710]
Event: 0.363 Thread 0x000001bc1863ce70 1159       1       java.lang.ClassLoader::checkName (37 bytes)
Event: 0.363 Thread 0x000001bc1859d920 1160       1       java.lang.ref.ReferenceQueue::poll0 (65 bytes)
Event: 0.363 Thread 0x000001bc1863ce70 nmethod 1159 0x000001bc0872f890 code [0x000001bc0872fa40, 0x000001bc0872fcd8]
Event: 0.363 Thread 0x000001bc1859d920 nmethod 1160 0x000001bc0872ff10 code [0x000001bc087300c0, 0x000001bc087303d8]
Event: 0.363 Thread 0x000001bc1859d920 1161       1       java.security.CodeSource::getLocationNoFragString (5 bytes)
Event: 0.363 Thread 0x000001bc1859d920 nmethod 1161 0x000001bc08730490 code [0x000001bc08730620, 0x000001bc087306f0]
Event: 0.366 Thread 0x000001bc5e3db120 1162       1       java.lang.String::concat (15 bytes)
Event: 0.366 Thread 0x000001bc157783d0 1163       1       java.util.ArrayDeque::addLast (51 bytes)
Event: 0.366 Thread 0x000001bc157783d0 nmethod 1163 0x000001bc08730790 code [0x000001bc08730960, 0x000001bc08730c28]
Event: 0.366 Thread 0x000001bc5e3db120 nmethod 1162 0x000001bc08730d90 code [0x000001bc08730fe0, 0x000001bc08731700]
Event: 0.367 Thread 0x000001bc157783d0 1164       1       java.util.concurrent.ConcurrentHashMap$Node::<init> (14 bytes)
Event: 0.367 Thread 0x000001bc157783d0 nmethod 1164 0x000001bc08731b10 code [0x000001bc08731ca0, 0x000001bc08731ea0]

GC Heap History (2 events):
Event: 0.346 GC heap before
{Heap before GC invocations=0 (full 0):
 garbage-first heap   total reserved 8331264K, committed 524288K, used 20480K [0x0000000603800000, 0x0000000800000000)
  region size 4096K, 6 young (24576K), 0 survivors (0K)
 Metaspace       used 4788K, committed 4992K, reserved 1114112K
  class space    used 570K, committed 704K, reserved 1048576K
}
Event: 0.349 GC heap after
{Heap after GC invocations=1 (full 0):
 garbage-first heap   total reserved 8331264K, committed 524288K, used 7441K [0x0000000603800000, 0x0000000800000000)
  region size 4096K, 1 young (4096K), 1 survivors (4096K)
 Metaspace       used 4788K, committed 4992K, reserved 1114112K
  class space    used 570K, committed 704K, reserved 1048576K
}

Dll operation events (10 events):
Event: 0.006 Loaded shared library C:\Users\hp\.jdks\openjdk-22.0.1\bin\java.dll
Event: 0.006 Loaded shared library C:\Users\hp\.jdks\openjdk-22.0.1\bin\zip.dll
Event: 0.103 Loaded shared library C:\Users\hp\.jdks\openjdk-22.0.1\bin\instrument.dll
Event: 0.116 Loaded shared library C:\Users\hp\.jdks\openjdk-22.0.1\bin\jimage.dll
Event: 0.121 Loaded shared library C:\Users\hp\.jdks\openjdk-22.0.1\bin\net.dll
Event: 0.122 Loaded shared library C:\Users\hp\.jdks\openjdk-22.0.1\bin\nio.dll
Event: 0.126 Loaded shared library C:\Users\hp\.jdks\openjdk-22.0.1\bin\zip.dll
Event: 0.177 Loaded shared library C:\Users\hp\.jdks\openjdk-22.0.1\bin\management.dll
Event: 0.184 Loaded shared library C:\Users\hp\.jdks\openjdk-22.0.1\bin\management_ext.dll
Event: 0.338 Loaded shared library C:\Users\hp\.jdks\openjdk-22.0.1\bin\extnet.dll

Deoptimization events (0 events):
No events

Classes loaded (20 events):
Event: 0.365 Loading class java/lang/IllegalAccessException done
Event: 0.365 Loading class java/lang/reflect/InvocationTargetException
Event: 0.365 Loading class java/lang/reflect/InvocationTargetException done
Event: 0.365 Loading class org/slf4j/event/LoggingEvent
Event: 0.365 Loading class org/slf4j/event/LoggingEvent done
Event: 0.365 Loading class java/util/ServiceConfigurationError
Event: 0.365 Loading class java/util/ServiceConfigurationError done
Event: 0.365 Loading class org/slf4j/helpers/SubstituteServiceProvider
Event: 0.365 Loading class org/slf4j/helpers/SubstituteServiceProvider done
Event: 0.366 Loading class org/slf4j/IMarkerFactory
Event: 0.366 Loading class org/slf4j/IMarkerFactory done
Event: 0.366 Loading class org/slf4j/spi/MDCAdapter
Event: 0.366 Loading class org/slf4j/spi/MDCAdapter done
Event: 0.366 Loading class java/lang/UnsupportedOperationException
Event: 0.366 Loading class java/lang/UnsupportedOperationException done
Event: 0.366 Loading class org/slf4j/ILoggerFactory
Event: 0.366 Loading class org/slf4j/ILoggerFactory done
Event: 0.366 Loading class org/slf4j/helpers/SubstituteLoggerFactory
Event: 0.366 Loading class org/slf4j/helpers/SubstituteLoggerFactory done
Event: 0.367 Loading class java/util/concurrent/LinkedBlockingQueue

Classes unloaded (0 events):
No events

Classes redefined (0 events):
No events

Internal exceptions (14 events):
Event: 0.104 Thread 0x000001bc7fbd27e0 Exception <a 'java/lang/NoSuchMethodError'{0x000000062373ba10}: 'void java.lang.invoke.DirectMethodHandle$Holder.invokeStatic(java.lang.Object, java.lang.Object, java.lang.Object)'> (0x000000062373ba10) 
thrown [s\open\src\hotspot\share\interpreter\linkResolver.cpp, line 774]
Event: 0.107 Thread 0x000001bc7fbd27e0 Exception <a 'java/lang/NoSuchMethodError'{0x00000006237534a8}: 'java.lang.Object java.lang.invoke.Invokers$Holder.invokeExact_MT(java.lang.Object, java.lang.Object, java.lang.Object, java.lang.Object, java.lang.Object)'> (0x00000006237534a8) 
thrown [s\open\src\hotspot\share\interpreter\linkResolver.cpp, line 774]
Event: 0.188 Thread 0x000001bc7fbd27e0 Exception <a 'java/lang/NoSuchMethodError'{0x0000000622938930}: 'int java.lang.invoke.DirectMethodHandle$Holder.invokeInterface(java.lang.Object, java.lang.Object)'> (0x0000000622938930) 
thrown [s\open\src\hotspot\share\interpreter\linkResolver.cpp, line 774]
Event: 0.188 Thread 0x000001bc7fbd27e0 Exception <a 'java/lang/IncompatibleClassChangeError'{0x000000062293bc58}: Found class java.lang.Object, but interface was expected> (0x000000062293bc58) 
thrown [s\open\src\hotspot\share\interpreter\linkResolver.cpp, line 841]
Event: 0.188 Thread 0x000001bc7fbd27e0 Exception <a 'java/lang/NoSuchMethodError'{0x0000000622941600}: 'void java.lang.invoke.DirectMethodHandle$Holder.invokeStatic(java.lang.Object, java.lang.Object)'> (0x0000000622941600) 
thrown [s\open\src\hotspot\share\interpreter\linkResolver.cpp, line 774]
Event: 0.219 Thread 0x000001bc7fbd27e0 Exception <a 'java/lang/NoSuchMethodError'{0x0000000622ac15e8}: 'int java.lang.invoke.DirectMethodHandle$Holder.invokeSpecial(java.lang.Object, java.lang.Object, java.lang.Object)'> (0x0000000622ac15e8) 
thrown [s\open\src\hotspot\share\interpreter\linkResolver.cpp, line 774]
Event: 0.244 Thread 0x000001bc7fbd27e0 Exception <a 'java/lang/NoSuchMethodError'{0x000000062249e7d8}: 'java.lang.Object java.lang.invoke.DirectMethodHandle$Holder.invokeStaticInit(java.lang.Object, java.lang.Object, java.lang.Object)'> (0x000000062249e7d8) 
thrown [s\open\src\hotspot\share\interpreter\linkResolver.cpp, line 774]
Event: 0.285 Thread 0x000001bc7fbd27e0 Exception <a 'java/lang/NoSuchMethodError'{0x00000006220a82c0}: 'int java.lang.invoke.DirectMethodHandle$Holder.invokeSpecialIFC(java.lang.Object, java.lang.Object, java.lang.Object)'> (0x00000006220a82c0) 
thrown [s\open\src\hotspot\share\interpreter\linkResolver.cpp, line 774]
Event: 0.311 Thread 0x000001bc7fbd27e0 Exception <a 'java/lang/NoSuchMethodError'{0x00000006221819e0}: 'java.lang.Object java.lang.invoke.DirectMethodHandle$Holder.invokeStaticInit(java.lang.Object, int, int, int, int)'> (0x00000006221819e0) 
thrown [s\open\src\hotspot\share\interpreter\linkResolver.cpp, line 774]
Event: 0.323 Thread 0x000001bc7fbd27e0 Exception <a 'java/lang/NoSuchMethodError'{0x00000006222566e8}: 'java.lang.Object java.lang.invoke.DirectMethodHandle$Holder.invokeStaticInit(java.lang.Object, java.lang.Object, int, int, int, int)'> (0x00000006222566e8) 
thrown [s\open\src\hotspot\share\interpreter\linkResolver.cpp, line 774]
Event: 0.332 Thread 0x000001bc7fbd27e0 Exception <a 'java/lang/ClassNotFoundException'{0x00000006222a9098}: javax/management/remote/rmi/RMIServerImpl_Skel> (0x00000006222a9098) 
thrown [s\open\src\hotspot\share\classfile\systemDictionary.cpp, line 313]
Event: 0.342 Thread 0x000001bc7fbd27e0 Exception <a 'java/lang/NoSuchMethodError'{0x0000000622329638}: 'long java.lang.invoke.DirectMethodHandle$Holder.invokeSpecial(java.lang.Object, java.lang.Object)'> (0x0000000622329638) 
thrown [s\open\src\hotspot\share\interpreter\linkResolver.cpp, line 774]
Event: 0.342 Thread 0x000001bc7fbd27e0 Exception <a 'java/lang/NoSuchMethodError'{0x000000062232cd10}: 'long java.lang.invoke.Invokers$Holder.invokeExact_MT(java.lang.Object, java.lang.Object)'> (0x000000062232cd10) 
thrown [s\open\src\hotspot\share\interpreter\linkResolver.cpp, line 774]
Event: 0.343 Thread 0x000001bc7fbd27e0 Exception <a 'java/lang/NoSuchMethodError'{0x0000000622349700}: 'void java.lang.invoke.DirectMethodHandle$Holder.invokeSpecial(java.lang.Object, java.lang.Object, java.lang.Object)'> (0x0000000622349700) 
thrown [s\open\src\hotspot\share\interpreter\linkResolver.cpp, line 774]

ZGC Phase Switch (0 events):
No events

VM Operations (18 events):
Event: 0.077 Executing VM operation: HandshakeAllThreads (Deoptimize)
Event: 0.077 Executing VM operation: HandshakeAllThreads (Deoptimize) done
Event: 0.101 Executing VM operation: ChangeBreakpoints
Event: 0.101 Executing VM operation: ChangeBreakpoints done
Event: 0.102 Executing VM operation: ChangeBreakpoints
Event: 0.102 Executing VM operation: ChangeBreakpoints done
Event: 0.190 Executing VM operation: HandshakeAllThreads (Deoptimize)
Event: 0.190 Executing VM operation: HandshakeAllThreads (Deoptimize) done
Event: 0.290 Executing VM operation: HandshakeAllThreads (Deoptimize)
Event: 0.290 Executing VM operation: HandshakeAllThreads (Deoptimize) done
Event: 0.293 Executing VM operation: HandshakeAllThreads (Deoptimize)
Event: 0.293 Executing VM operation: HandshakeAllThreads (Deoptimize) done
Event: 0.331 Executing VM operation: HandshakeAllThreads (Deoptimize)
Event: 0.331 Executing VM operation: HandshakeAllThreads (Deoptimize) done
Event: 0.332 Executing VM operation: HandshakeAllThreads (Deoptimize)
Event: 0.332 Executing VM operation: HandshakeAllThreads (Deoptimize) done
Event: 0.346 Executing VM operation: G1CollectForAllocation (G1 Evacuation Pause)
Event: 0.349 Executing VM operation: G1CollectForAllocation (G1 Evacuation Pause) done

Events (17 events):
Event: 0.017 Thread 0x000001bc7fbd27e0 Thread added: 0x000001bc7fbd27e0
Event: 0.029 Thread 0x000001bc1858cf20 Thread added: 0x000001bc1858cf20
Event: 0.029 Thread 0x000001bc1858e0e0 Thread added: 0x000001bc1858e0e0
Event: 0.029 Thread 0x000001bc1858fcb0 Thread added: 0x000001bc1858fcb0
Event: 0.029 Thread 0x000001bc18596900 Thread added: 0x000001bc18596900
Event: 0.029 Thread 0x000001bc1859a660 Thread added: 0x000001bc1859a660
Event: 0.030 Thread 0x000001bc185a7e20 Thread added: 0x000001bc185a7e20
Event: 0.030 Thread 0x000001bc1859d920 Thread added: 0x000001bc1859d920
Event: 0.073 Thread 0x000001bc185a9860 Thread added: 0x000001bc185a9860
Event: 0.077 Thread 0x000001bc157783d0 Thread added: 0x000001bc157783d0
Event: 0.077 Thread 0x000001bc1863ce70 Thread added: 0x000001bc1863ce70
Event: 0.085 Thread 0x000001bc187255c0 Thread added: 0x000001bc187255c0
Event: 0.085 Thread 0x000001bc18729c70 Thread added: 0x000001bc18729c70
Event: 0.085 Thread 0x000001bc1872c4e0 Thread added: 0x000001bc1872c4e0
Event: 0.111 Thread 0x000001bc185a9ef0 Thread added: 0x000001bc185a9ef0
Event: 0.261 Thread 0x000001bc5e3db120 Thread added: 0x000001bc5e3db120
Event: 0.339 Thread 0x000001bc185a8b40 Thread added: 0x000001bc185a8b40


Dynamic libraries:
0x00007ff60c370000 - 0x00007ff60c37e000 	C:\Users\hp\.jdks\openjdk-22.0.1\bin\java.exe
0x00007ff867070000 - 0x00007ff867287000 	C:\WINDOWS\SYSTEM32\ntdll.dll
0x00007ff865600000 - 0x00007ff8656c4000 	C:\WINDOWS\System32\KERNEL32.DLL
0x00007ff8646b0000 - 0x00007ff864a5c000 	C:\WINDOWS\System32\KERNELBASE.dll
0x00007ff864c90000 - 0x00007ff864da1000 	C:\WINDOWS\System32\ucrtbase.dll
0x00007ff85b250000 - 0x00007ff85b267000 	C:\Users\hp\.jdks\openjdk-22.0.1\bin\jli.dll
0x00007ff82d6b0000 - 0x00007ff82d6cb000 	C:\Users\hp\.jdks\openjdk-22.0.1\bin\VCRUNTIME140.dll
0x00007ff8663e0000 - 0x00007ff86658e000 	C:\WINDOWS\System32\USER32.dll
0x00007ff8643a0000 - 0x00007ff8643c6000 	C:\WINDOWS\System32\win32u.dll
0x00007ff84e320000 - 0x00007ff84e5b3000 	C:\WINDOWS\WinSxS\amd64_microsoft.windows.common-controls_6595b64144ccf1df_6.0.22621.3672_none_2713b9d173822955\COMCTL32.dll
0x00007ff8651f0000 - 0x00007ff865219000 	C:\WINDOWS\System32\GDI32.dll
0x00007ff865f50000 - 0x00007ff865ff7000 	C:\WINDOWS\System32\msvcrt.dll
0x00007ff864b70000 - 0x00007ff864c89000 	C:\WINDOWS\System32\gdi32full.dll
0x00007ff864a60000 - 0x00007ff864afa000 	C:\WINDOWS\System32\msvcp_win.dll
0x00007ff8654c0000 - 0x00007ff8654f1000 	C:\WINDOWS\System32\IMM32.DLL
0x00007ff85c0f0000 - 0x00007ff85c0fc000 	C:\Users\hp\.jdks\openjdk-22.0.1\bin\vcruntime140_1.dll
0x00007ff816d40000 - 0x00007ff816dce000 	C:\Users\hp\.jdks\openjdk-22.0.1\bin\msvcp140.dll
0x00007fffc6ad0000 - 0x00007fffc7817000 	C:\Users\hp\.jdks\openjdk-22.0.1\bin\server\jvm.dll
0x00007ff866270000 - 0x00007ff866322000 	C:\WINDOWS\System32\ADVAPI32.dll
0x00007ff865140000 - 0x00007ff8651ea000 	C:\WINDOWS\System32\sechost.dll
0x00007ff8643d0000 - 0x00007ff8643f8000 	C:\WINDOWS\System32\bcrypt.dll
0x00007ff864fa0000 - 0x00007ff8650b5000 	C:\WINDOWS\System32\RPCRT4.dll
0x00007ff864e40000 - 0x00007ff864eb1000 	C:\WINDOWS\System32\WS2_32.dll
0x00007ff863230000 - 0x00007ff86327d000 	C:\WINDOWS\SYSTEM32\POWRPROF.dll
0x00007ff85c070000 - 0x00007ff85c0a4000 	C:\WINDOWS\SYSTEM32\WINMM.dll
0x00007ff85d020000 - 0x00007ff85d02a000 	C:\WINDOWS\SYSTEM32\VERSION.dll
0x00007ff863210000 - 0x00007ff863223000 	C:\WINDOWS\SYSTEM32\UMPDC.dll
0x00007ff8634c0000 - 0x00007ff8634d8000 	C:\WINDOWS\SYSTEM32\kernel.appcore.dll
0x00007ff85a9e0000 - 0x00007ff85a9ea000 	C:\Users\hp\.jdks\openjdk-22.0.1\bin\jimage.dll
0x00007ff861a90000 - 0x00007ff861cc2000 	C:\WINDOWS\SYSTEM32\DBGHELP.DLL
0x00007ff866590000 - 0x00007ff866918000 	C:\WINDOWS\System32\combase.dll
0x00007ff864ec0000 - 0x00007ff864f97000 	C:\WINDOWS\System32\OLEAUT32.dll
0x00007ff84c220000 - 0x00007ff84c252000 	C:\WINDOWS\SYSTEM32\dbgcore.DLL
0x00007ff8644c0000 - 0x00007ff86453b000 	C:\WINDOWS\System32\bcryptPrimitives.dll
0x00007ff85ba00000 - 0x00007ff85ba3c000 	C:\Users\hp\.jdks\openjdk-22.0.1\bin\jdwp.dll
0x00007ff85c280000 - 0x00007ff85c28f000 	C:\Users\hp\.jdks\openjdk-22.0.1\bin\instrument.dll
0x00007ff82d690000 - 0x00007ff82d6ae000 	C:\Users\hp\.jdks\openjdk-22.0.1\bin\java.dll
0x00007ff8656e0000 - 0x00007ff865f3c000 	C:\WINDOWS\System32\SHELL32.dll
0x00007ff866980000 - 0x00007ff866b25000 	C:\WINDOWS\System32\ole32.dll
0x00007ff8247e0000 - 0x00007ff8247f7000 	C:\Users\hp\.jdks\openjdk-22.0.1\bin\zip.dll
0x00007ff862300000 - 0x00007ff862bf7000 	C:\WINDOWS\SYSTEM32\windows.storage.dll
0x00007ff8621c0000 - 0x00007ff8622ff000 	C:\WINDOWS\SYSTEM32\wintypes.dll
0x00007ff865500000 - 0x00007ff8655f4000 	C:\WINDOWS\System32\SHCORE.dll
0x00007ff866210000 - 0x00007ff86626e000 	C:\WINDOWS\System32\shlwapi.dll
0x00007ff8642d0000 - 0x00007ff8642f1000 	C:\WINDOWS\SYSTEM32\profapi.dll
0x00007ff837a30000 - 0x00007ff837a3c000 	C:\Users\hp\.jdks\openjdk-22.0.1\bin\dt_socket.dll
0x00007ff862f10000 - 0x00007ff862f3d000 	C:\WINDOWS\SYSTEM32\IPHLPAPI.DLL
0x00007ff863930000 - 0x00007ff863999000 	C:\WINDOWS\system32\mswsock.dll
0x00007ff85a210000 - 0x00007ff85a220000 	C:\Users\hp\.jdks\openjdk-22.0.1\bin\net.dll
0x00007ff82d670000 - 0x00007ff82d686000 	C:\Users\hp\.jdks\openjdk-22.0.1\bin\nio.dll
0x00007ff862f90000 - 0x00007ff863088000 	C:\WINDOWS\SYSTEM32\DNSAPI.dll
0x00007ff8656d0000 - 0x00007ff8656d9000 	C:\WINDOWS\System32\NSI.dll
0x00007ff8590e0000 - 0x00007ff8590ea000 	C:\Windows\System32\rasadhlp.dll
0x00007ff85bde0000 - 0x00007ff85be63000 	C:\WINDOWS\System32\fwpuclnt.dll
0x00007ff837a20000 - 0x00007ff837a2a000 	C:\Users\hp\.jdks\openjdk-22.0.1\bin\management.dll
0x00007ff837a10000 - 0x00007ff837a1b000 	C:\Users\hp\.jdks\openjdk-22.0.1\bin\management_ext.dll
0x00007ff865340000 - 0x00007ff865348000 	C:\WINDOWS\System32\PSAPI.DLL
0x00007ff863b90000 - 0x00007ff863bab000 	C:\WINDOWS\SYSTEM32\CRYPTSP.dll
0x00007ff863420000 - 0x00007ff863455000 	C:\WINDOWS\system32\rsaenh.dll
0x00007ff863a30000 - 0x00007ff863a58000 	C:\WINDOWS\SYSTEM32\USERENV.dll
0x00007ff863bb0000 - 0x00007ff863bbc000 	C:\WINDOWS\SYSTEM32\CRYPTBASE.dll
0x00007ff856680000 - 0x00007ff856697000 	C:\WINDOWS\system32\napinsp.dll
0x00007ff8566a0000 - 0x00007ff8566bb000 	C:\WINDOWS\system32\pnrpnsp.dll
0x00007ff8566c0000 - 0x00007ff8566d1000 	C:\WINDOWS\System32\winrnr.dll
0x00007ff8566e0000 - 0x00007ff8566f5000 	C:\WINDOWS\system32\wshbth.dll
0x00007ff856700000 - 0x00007ff856727000 	C:\WINDOWS\system32\nlansp_c.dll
0x00007ff855190000 - 0x00007ff855199000 	C:\Users\hp\.jdks\openjdk-22.0.1\bin\extnet.dll

dbghelp: loaded successfully - version: 4.0.5 - missing functions: none
symbol engine: initialized successfully - sym options: 0x614 - pdb path: .;C:\Users\hp\.jdks\openjdk-22.0.1\bin;C:\WINDOWS\SYSTEM32;C:\WINDOWS\WinSxS\amd64_microsoft.windows.common-controls_6595b64144ccf1df_6.0.22621.3672_none_2713b9d173822955;C:\Users\hp\.jdks\openjdk-22.0.1\bin\server

VM Arguments:
jvm_args: -agentlib:jdwp=transport=dt_socket,address=127.0.0.1:62952,suspend=y,server=n -XX:TieredStopAtLevel=1 -Dspring.output.ansi.enabled=always -Dcom.sun.management.jmxremote -Dspring.jmx.enabled=true -Dspring.liveBeansView.mbeanDomain -Dspring.application.admin.enabled=true -Dmanagement.endpoints.jmx.exposure.include=* -javaagent:C:\Users\hp\AppData\Local\JetBrains\IntelliJIdea2024.1\captureAgent\debugger-agent.jar -Dfile.encoding=UTF-8 -Dsun.stdout.encoding=UTF-8 -Dsun.stderr.encoding=UTF-8 
java_command: com.example.thuchanh_tuan2.ThuchanhTuan2Application
java_class_path (initial): C:\Users\hp\OneDrive\Desktop\TH_Java\thuchanh_Tuan2\target\classes;C:\Users\hp\.m2\repository\org\springframework\boot\spring-boot-starter-data-jdbc\3.3.0\spring-boot-starter-data-jdbc-3.3.0.jar;C:\Users\hp\.m2\repository\org\springframework\boot\spring-boot-starter-jdbc\3.3.0\spring-boot-starter-jdbc-3.3.0.jar;C:\Users\hp\.m2\repository\com\zaxxer\HikariCP\5.1.0\HikariCP-5.1.0.jar;C:\Users\hp\.m2\repository\org\springframework\spring-jdbc\6.1.8\spring-jdbc-6.1.8.jar;C:\Users\hp\.m2\repository\org\springframework\data\spring-data-jdbc\3.3.0\spring-data-jdbc-3.3.0.jar;C:\Users\hp\.m2\repository\org\springframework\data\spring-data-relational\3.3.0\spring-data-relational-3.3.0.jar;C:\Users\hp\.m2\repository\com\github\jsqlparser\jsqlparser\4.6\jsqlparser-4.6.jar;C:\Users\hp\.m2\repository\org\springframework\data\spring-data-commons\3.3.0\spring-data-commons-3.3.0.jar;C:\Users\hp\.m2\repository\org\springframework\spring-tx\6.1.8\spring-tx-6.1.8.jar;C:\Users\hp\.m2\repository\org\springframework\spring-context\6.1.8\spring-context-6.1.8.jar;C:\Users\hp\.m2\repository\org\springframework\spring-beans\6.1.8\spring-beans-6.1.8.jar;C:\Users\hp\.m2\repository\org\springframework\boot\spring-boot-starter-data-jpa\3.3.0\spring-boot-starter-data-jpa-3.3.0.jar;C:\Users\hp\.m2\repository\org\springframework\boot\spring-boot-starter-aop\3.3.0\spring-boot-starter-aop-3.3.0.jar;C:\Users\hp\.m2\repository\org\aspectj\aspectjweaver\1.9.22\aspectjweaver-1.9.22.jar;C:\Users\hp\.m2\repository\org\hibernate\orm\hibernate-core\6.5.2.Final\hibernate-core-6.5.2.Final.jar;C:\Users\hp\.m2\repository\jakarta\persistence\jakarta.persistence-api\3.1.0\jakarta.persistence-api-3.1.0.jar;C:\Users\hp\.m2\repository\jakarta\transaction\jakarta.transaction-api\2.0.1\jakarta.transaction-api-2.0.1.jar;C:\Users\hp\.m2\repository\org\jboss\logging\jboss-logging\3.5.3.Final\jboss-logging-3.5.3.Final.jar;C:\Users\hp\.m2\repository\org\hibernate\common\hibernate-commons-annotations\6.0.6.Final\hibernate-commons-annotations-6.0.6.Final.jar;C:\Users\hp\.m2\repository\io\smallrye\jandex\3.1.2\jandex-3.1.2.jar;C:\Users\hp\.m2\repository\com\fasterxml\classmate\1.7.0\classmate-1.7.0.jar;C:\Users\hp\.m2\repository\net\bytebuddy\byte-buddy\1.14.16\byte-buddy-1.14.16.jar;C:\Users\hp\.m2\repository\org\glassfish\jaxb\jaxb-runtime\4.0.5\jaxb-runtime-4.0.5.jar;C:\Users\hp\.m2\repository\org\glassfish\jaxb\jaxb-core\4.0.5\jaxb-core-4.0.5.jar;C:\Users\hp\.m2\repository\org\glassfish\jaxb\txw2\4.0.5\txw2-4.0.5.jar;C:\Users\hp\.m2\repository\com\sun\istack\istack-commons-runtime\4.1.2\istack-commons-runtime-4.1.2.jar;C:\Users\hp\.m2\repository\jakarta\inject\jakarta.inject-api\2.0.1\jakarta.inject-api-2.0.1.jar;C:\Users\hp\.m2\repository\org\antlr\antlr4-runtime\4.13.0\antlr4-runtime-4.13.0.jar;C:\Users\hp\.m2\repository\org\springframework\data\spring-data-jpa\3.3.0\spring-data-jpa-3.3.0.jar;C:\Users\hp\.m2\repository\org\springframework\spring-orm\6.1.8\spring-orm-6.1.8.jar;C:\Users\hp\.m2\repository\jakarta\annotation\jakarta.annotation-api\2.1.1\jakarta.annotation-api-2.1.1.jar;C:\Users\hp\.m2\repository\org\springframework\spring-aspects\6.1.8\spring-aspects-6.1.8.jar;C:\Users\hp\.m2\repository\org\springframework\boot\spring-boot-starter-thymeleaf\3.3.0\spring-boot-starter-thymeleaf-3.3.0.jar;C:\Users\hp\.m2\repository\org\springframework\boot\spring-boot-starter\3.3.0\spring-boot-starter-3.3.0.jar;C:\Users\hp\.m2\repository\org\springframework\boot\spring-boot-starter-logging\3.3.0\spring-boot-starter-logging-3.3.0.jar;C:\Users\hp\.m2\repository\ch\qos\logback\logback-classic\1.5.6\logback-classic-1.5.6.jar;C:\Users\hp\.m2\repository\ch\qos\logback\logback-core\1.5.6\logback-core-1.5.6.jar;C:\Users\hp\.m2\repository\org\apache\logging\log4j\log4j-to-slf4j\2.23.1\log4j-to-slf4j-2.23.1.jar;C:\Users\hp\.m2\repository\org\apache\logging\log4j\log4j-api\2.23.1\log4j-api-2.23.1.jar;C:\Users\hp\.m2\repository\org\slf4j\jul-to-slf4j\2.0.13\jul-to-slf4j-2.0.13.jar;C:\Users\hp\.m2\repository\org\yaml\snakeyaml\2.2\snakeyaml-2.2.jar;C:\Users\hp\.m2\repository\org\thymeleaf\thymeleaf-spring6\3.1.2.RELEASE\thymeleaf-spring6-3.1.2.RELEASE.jar;C:\Users\hp\.m2\repository\org\springframework\boot\spring-boot-starter-web\3.3.0\spring-boot-starter-web-3.3.0.jar;C:\Users\hp\.m2\repository\org\springframework\boot\spring-boot-starter-json\3.3.0\spring-boot-starter-json-3.3.0.jar;C:\Users\hp\.m2\repository\com\fasterxml\jackson\core\jackson-databind\2.17.1\jackson-databind-2.17.1.jar;C:\Users\hp\.m2\repository\com\fasterxml\jackson\core\jackson-annotations\2.17.1\jackson-annotations-2.17.1.jar;C:\Users\hp\.m2\repository\com\fasterxml\jackson\core\jackson-core\2.17.1\jackson-core-2.17.1.jar;C:\Users\hp\.m2\repository\com\fasterxml\jackson\datatype\jackson-datatype-jdk8\2.17.1\jackson-datatype-jdk8-2.17.1.jar;C:\Users\hp\.m2\repository\com\fasterxml\jackson\datatype\jackson-datatype-jsr310\2.17.1\jackson-datatype-jsr310-2.17.1.jar;C:\Users\hp\.m2\repository\com\fasterxml\jackson\module\jackson-module-parameter-names\2.17.1\jackson-module-parameter-names-2.17.1.jar;C:\Users\hp\.m2\repository\org\springframework\boot\spring-boot-starter-tomcat\3.3.0\spring-boot-starter-tomcat-3.3.0.jar;C:\Users\hp\.m2\repository\org\apache\tomcat\embed\tomcat-embed-core\10.1.24\tomcat-embed-core-10.1.24.jar;C:\Users\hp\.m2\repository\org\apache\tomcat\embed\tomcat-embed-websocket\10.1.24\tomcat-embed-websocket-10.1.24.jar;C:\Users\hp\.m2\repository\org\springframework\spring-web\6.1.8\spring-web-6.1.8.jar;C:\Users\hp\.m2\repository\io\micrometer\micrometer-observation\1.13.0\micrometer-observation-1.13.0.jar;C:\Users\hp\.m2\repository\io\micrometer\micrometer-commons\1.13.0\micrometer-commons-1.13.0.jar;C:\Users\hp\.m2\repository\org\springframework\spring-webmvc\6.1.8\spring-webmvc-6.1.8.jar;C:\Users\hp\.m2\repository\org\springframework\spring-expression\6.1.8\spring-expression-6.1.8.jar;C:\Users\hp\.m2\repository\org\springframework\boot\spring-boot-devtools\3.3.0\spring-boot-devtools-3.3.0.jar;C:\Users\hp\.m2\repository\org\springframework\boot\spring-boot\3.3.0\spring-boot-3.3.0.jar;C:\Users\hp\.m2\repository\org\springframework\boot\spring-boot-autoconfigure\3.3.0\spring-boot-autoconfigure-3.3.0.jar;C:\Users\hp\.m2\repository\org\projectlombok\lombok\1.18.32\lombok-1.18.32.jar;C:\Users\hp\.m2\repository\jakarta\xml\bind\jakarta.xml.bind-api\4.0.2\jakarta.xml.bind-api-4.0.2.jar;C:\Users\hp\.m2\repository\jakarta\activation\jakarta.activation-api\2.1.3\jakarta.activation-api-2.1.3.jar;C:\Users\hp\.m2\repository\org\springframework\spring-core\6.1.8\spring-core-6.1.8.jar;C:\Users\hp\.m2\repository\org\springframework\spring-jcl\6.1.8\spring-jcl-6.1.8.jar;C:\Users\hp\.m2\repository\org\springframework\boot\spring-boot-starter-validation\3.3.0\spring-boot-starter-validation-3.3.0.jar;C:\Users\hp\.m2\repository\org\apache\tomcat\embed\tomcat-embed-el\10.1.24\tomcat-embed-el-10.1.24.jar;C:\Users\hp\.m2\repository\org\hibernate\validator\hibernate-validator\8.0.1.Final\hibernate-validator-8.0.1.Final.jar;C:\Users\hp\.m2\repository\jakarta\validation\jakarta.validation-api\3.0.2\jakarta.validation-api-3.0.2.jar;C:\Users\hp\.m2\repository\com\mysql\mysql-connector-j\8.3.0\mysql-connector-j-8.3.0.jar;C:\Users\hp\.m2\repository\org\springframework\boot\spring-boot-starter-security\3.3.0\spring-boot-starter-security-3.3.0.jar;C:\Users\hp\.m2\repository\org\springframework\spring-aop\6.1.8\spring-aop-6.1.8.jar;C:\Users\hp\.m2\repository\org\springframework\security\spring-security-config\6.3.0\spring-security-config-6.3.0.jar;C:\Users\hp\.m2\repository\org\springframework\security\spring-security-core\6.3.0\spring-security-core-6.3.0.jar;C:\Users\hp\.m2\repository\org\springframework\security\spring-security-crypto\6.3.0\spring-security-crypto-6.3.0.jar;C:\Users\hp\.m2\repository\org\springframework\security\spring-security-web\6.3.0\spring-security-web-6.3.0.jar;C:\Users\hp\.m2\repository\org\thymeleaf\extras\thymeleaf-extras-springsecurity6\3.1.2.RELEASE\thymeleaf-extras-springsecurity6-3.1.2.RELEASE.jar;C:\Users\hp\.m2\repository\org\slf4j\slf4j-api\2.0.13\slf4j-api-2.0.13.jar;C:\Users\hp\.m2\repository\nz\net\ultraq\thymeleaf\thymeleaf-layout-dialect\3.1.0\thymeleaf-layout-dialect-3.1.0.jar;C:\Users\hp\.m2\repository\org\apache\groovy\groovy\4.0.21\groovy-4.0.21.jar;C:\Users\hp\.m2\repository\nz\net\ultraq\groovy\groovy-extensions\2.0.0\groovy-extensions-2.0.0.jar;C:\Users\hp\.m2\repository\nz\net\ultraq\thymeleaf\thymeleaf-expression-processor\3.1.0\thymeleaf-expression-processor-3.1.0.jar;C:\Users\hp\.m2\repository\org\thymeleaf\thymeleaf\3.1.2.RELEASE\thymeleaf-3.1.2.RELEASE.jar;C:\Users\hp\.m2\repository\ognl\ognl\3.3.4\ognl-3.3.4.jar;C:\Users\hp\.m2\repository\org\javassist\javassist\3.29.0-GA\javassist-3.29.0-GA.jar;C:\Users\hp\.m2\repository\org\attoparser\attoparser\2.0.7.RELEASE\attoparser-2.0.7.RELEASE.jar;C:\Users\hp\.m2\repository\org\unbescape\unbescape\1.1.6.RELEASE\unbescape-1.1.6.RELEASE.jar;C:\Users\hp\.m2\repository\org\springframework\boot\spring-boot-starter-mail\3.3.0\spring-boot-starter-mail-3.3.0.jar;C:\Users\hp\.m2\repository\org\springframework\spring-context-support\6.1.8\spring-context-support-6.1.8.jar;C:\Users\hp\.m2\repository\org\eclipse\angus\jakarta.mail\2.0.3\jakarta.mail-2.0.3.jar;C:\Users\hp\.m2\repository\org\eclipse\angus\angus-activation\2.0.2\angus-activation-2.0.2.jar;C:\Program Files\JetBrains\IntelliJ IDEA 2024.1.1\lib\idea_rt.jar
Launcher Type: SUN_STANDARD

[Global flags]
     intx CICompilerCount                          = 12                                        {product} {ergonomic}
     uint ConcGCThreads                            = 3                                         {product} {ergonomic}
     uint G1ConcRefinementThreads                  = 13                                        {product} {ergonomic}
   size_t G1HeapRegionSize                         = 4194304                                   {product} {ergonomic}
   size_t InitialHeapSize                          = 536870912                                 {product} {ergonomic}
     bool ManagementServer                         = true                                      {product} {command line}
   size_t MarkStackSize                            = 4194304                                   {product} {ergonomic}
   size_t MaxHeapSize                              = 8531214336                                {product} {ergonomic}
   size_t MaxNewSize                               = 5117050880                                {product} {ergonomic}
   size_t MinHeapDeltaBytes                        = 4194304                                   {product} {ergonomic}
   size_t MinHeapSize                              = 8388608                                   {product} {ergonomic}
    uintx NonNMethodCodeHeapSize                   = 4096                                   {pd product} {ergonomic}
    uintx NonProfiledCodeHeapSize                  = 0                                      {pd product} {ergonomic}
     bool ProfileInterpreter                       = false                                  {pd product} {command line}
    uintx ProfiledCodeHeapSize                     = 0                                      {pd product} {ergonomic}
   size_t SoftMaxHeapSize                          = 8531214336                             {manageable} {ergonomic}
     intx TieredStopAtLevel                        = 1                                         {product} {command line}
     bool UseCompressedOops                        = true                           {product lp64_product} {ergonomic}
     bool UseG1GC                                  = true                                      {product} {ergonomic}
     bool UseLargePagesIndividualAllocation        = false                                  {pd product} {ergonomic}

Logging:
Log output configuration:
 #0: stdout all=warning uptime,level,tags foldmultilines=false
 #1: stderr all=off uptime,level,tags foldmultilines=false

Environment Variables:
JAVA_HOME=C:\Program Files\Java\jdk-20
PATH=C:\Program Files\Microsoft MPI\Bin\;C:\ProgramData\Oracle\Java\javapath;C:\Program Files (x86)\Common Files\Oracle\Java\javapath;C:\Windows\system32;C:\Windows;C:\Windows\System32\Wbem;C:\Windows\System32\WindowsPowerShell\v1.0\;C:\Windows\System32\OpenSSH\;C:\Program Files (x86)\NVIDIA Corporation\PhysX\Common;C:\Program Files\NVIDIA Corporation\NVIDIA NvDLISR;%QUARTUS_ROOTDIR%\bin;C:\Program Files\dotnet\;C:\Program Files\Azure Data Studio\bin;C:\Program Files\Microsoft SQL Server\Client SDK\ODBC\170\Tools\Binn\;C:\WINDOWS\system32;C:\WINDOWS;C:\WINDOWS\System32\Wbem;C:\WINDOWS\System32\WindowsPowerShell\v1.0\;C:\WINDOWS\System32\OpenSSH\;C:\Program Files\PuTTY\;C:\Program Files\nodejs\;C:\Program Files\Java\jdk-20;C:\Program Files\Java\jdk-20\bin;C:\Program Files (x86)\Microsoft SQL Server\150\Tools\Binn\;C:\Program Files\Microsoft SQL Server\150\Tools\Binn\;C:\Program Files\Microsoft SQL Server\150\DTS\Binn\;C:\Program Files (x86)\Microsoft SQL Server\160\Tools\Binn\;C:\Program Files\Microsoft SQL Server\160\Tools\Binn\;C:\Program Files\Microsoft SQL Server\160\DTS\Binn\;C:\Program Files (x86)\Microsoft SQL Server\160\DTS\Binn\;C:\Program Files (x86)\Windows Kits\10\Windows Performance Toolkit\;C:\Program Files\Microsoft SQL Server\130\Tools\Binn\;C:\Program Files\Git\cmd;C:\Program Files\Cloudflare\Cloudflare WARP\;C:\Users\hp\AppData\Local\Programs\Python\Python312\Scripts\;C:\Users\hp\AppData\Local\Programs\Python\Python312\;C:\Users\hp\AppData\Local\Microsoft\WindowsApps;C:\Program Files\Azure Data Studio\bin;C:\Users\hp\AppData\Roaming\npm;C:\Users\hp\AppData\Local\Programs\Microsoft VS Code\bin;C:\Users\hp\.dotnet\tools;C:\Users\hp\AppData\Local\GitHubDesktop\bin;C:\Program Files\JetBrains\IntelliJ IDEA 2024.1.1\bin;
USERNAME=hp
OS=Windows_NT
PROCESSOR_IDENTIFIER=Intel64 Family 6 Model 141 Stepping 1, GenuineIntel
TMP=C:\Users\hp\AppData\Local\Temp
TEMP=C:\Users\hp\AppData\Local\Temp




Periodic native trim disabled

---------------  S Y S T E M  ---------------

OS:
 Windows 11 , 64 bit Build 22621 (10.0.22621.3672)
OS uptime: 1 days 8:27 hours

CPU: total 16 (initial active 16) (8 cores per cpu, 2 threads per core) family 6 model 141 stepping 1 microcode 0x3c, cx8, cmov, fxsr, ht, mmx, 3dnowpref, sse, sse2, sse3, ssse3, sse4.1, sse4.2, popcnt, lzcnt, tsc, tscinvbit, avx, avx2, aes, erms, clmul, bmi1, bmi2, adx, avx512f, avx512dq, avx512cd, avx512bw, avx512vl, sha, fma, vzeroupper, avx512_vpopcntdq, avx512_vpclmulqdq, avx512_vaes, avx512_vnni, clflush, clflushopt, clwb, avx512_vbmi2, avx512_vbmi, rdtscp, rdpid, fsrm, gfni, avx512_bitalg, f16c, pku, cet_ibt, cet_ss, avx512_ifma
Processor Information for all 16 processors :
  Max Mhz: 2304, Current Mhz: 2304, Mhz Limit: 2304

Memory: 4k page, system-wide physical 32531M (11416M free)
TotalPageFile size 32531M (AvailPageFile size 0M)
current process WorkingSet (physical memory assigned to process): 80M, peak: 80M
current process commit charge ("private bytes"): 624M, peak: 624M

vm_info: OpenJDK 64-Bit Server VM (22.0.1+8-16) for windows-amd64 JRE (22.0.1+8-16), built on 2024-03-12T10:33:16Z by "mach5one" with MS VC++ 17.6 (VS2022)

END.
